2024-03-25 14:44:34,143:WARNING:
'cuml' is a soft dependency and not included in the pycaret installation. Please run: `pip install cuml` to install.
2024-03-25 14:44:34,143:WARNING:
'cuml' is a soft dependency and not included in the pycaret installation. Please run: `pip install cuml` to install.
2024-03-25 14:44:34,143:WARNING:
'cuml' is a soft dependency and not included in the pycaret installation. Please run: `pip install cuml` to install.
2024-03-25 14:44:34,143:WARNING:
'cuml' is a soft dependency and not included in the pycaret installation. Please run: `pip install cuml` to install.
2024-03-25 14:44:34,599:INFO:Initializing load_model()
2024-03-25 14:44:34,599:INFO:load_model(model_name=../models/country_gbc_model_v0.1, platform=None, authentication=None, verbose=True)
2024-03-25 14:44:34,944:WARNING:/Users/aghauss/Library/Caches/pypoetry/virtualenvs/playwright-trial-i2UQKaLD-py3.11/lib/python3.11/site-packages/pycaret/internal/pipeline.py:146: UserWarning: Version mismatch:
current: {'deps_info': {'pip': '24.0', 'setuptools': '69.2.0', 'pycaret': '3.3.0', 'IPython': '8.18.1', 'ipywidgets': '8.1.2', 'tqdm': '4.66.2', 'numpy': '1.26.4', 'pandas': '2.0.3', 'jinja2': '3.1.3', 'scipy': '1.11.4', 'joblib': '1.3.2', 'sklearn': '1.4.1.post1', 'pyod': '1.1.3', 'imblearn': '0.12.0', 'category_encoders': '2.6.3', 'lightgbm': '4.3.0', 'numba': '0.59.1', 'requests': '2.31.0', 'matplotlib': '3.7.5', 'scikitplot': '0.3.7', 'yellowbrick': '1.5', 'plotly': '5.20.0', 'plotly-resampler': 'Not installed', 'kaleido': '0.2.1', 'schemdraw': '0.15', 'statsmodels': '0.14.1', 'sktime': '0.27.1', 'tbats': '1.1.3', 'pmdarima': '2.0.4', 'psutil': '5.9.8', 'markupsafe': '2.1.5', 'pickle5': 'Not installed', 'cloudpickle': '3.0.0', 'deprecation': '2.1.0', 'xxhash': '3.4.1', 'wurlitzer': '3.0.3'}, 'python': {'version': '3.11.3', 'machine': 'arm64'}}
pickle: {'deps_info': {'pip': '22.3.1', 'setuptools': '65.5.0', 'pycaret': '3.3.0', 'IPython': '8.22.2', 'ipywidgets': '8.1.2', 'tqdm': '4.66.2', 'numpy': '1.26.4', 'pandas': '2.1.4', 'jinja2': '3.1.3', 'scipy': '1.11.4', 'joblib': '1.3.2', 'sklearn': '1.4.1.post1', 'pyod': '1.1.3', 'imblearn': '0.12.0', 'category_encoders': '2.6.3', 'lightgbm': '4.3.0', 'numba': '0.59.1', 'requests': '2.31.0', 'matplotlib': '3.7.5', 'scikitplot': '0.3.7', 'yellowbrick': '1.5', 'plotly': '5.20.0', 'plotly-resampler': 'Not installed', 'kaleido': '0.2.1', 'schemdraw': '0.15', 'statsmodels': '0.14.1', 'sktime': '0.27.0', 'tbats': '1.1.3', 'pmdarima': '2.0.4', 'psutil': '5.9.8', 'markupsafe': '2.1.5', 'pickle5': 'Not installed', 'cloudpickle': '3.0.0', 'deprecation': '2.1.0', 'xxhash': '3.4.1', 'wurlitzer': '3.0.3'}, 'python': {'version': '3.11.3', 'machine': 'arm64'}}
  warnings.warn(

2024-03-25 14:44:34,944:INFO:Initializing load_model()
2024-03-25 14:44:34,944:INFO:load_model(model_name=../models/savings_extra_trees_model_v0.1, platform=None, authentication=None, verbose=True)
2024-03-25 14:44:34,967:WARNING:/Users/aghauss/Library/Caches/pypoetry/virtualenvs/playwright-trial-i2UQKaLD-py3.11/lib/python3.11/site-packages/pycaret/internal/pipeline.py:146: UserWarning: Version mismatch:
current: {'deps_info': {'pip': '24.0', 'setuptools': '69.2.0', 'pycaret': '3.3.0', 'IPython': '8.18.1', 'ipywidgets': '8.1.2', 'tqdm': '4.66.2', 'numpy': '1.26.4', 'pandas': '2.0.3', 'jinja2': '3.1.3', 'scipy': '1.11.4', 'joblib': '1.3.2', 'sklearn': '1.4.1.post1', 'pyod': '1.1.3', 'imblearn': '0.12.0', 'category_encoders': '2.6.3', 'lightgbm': '4.3.0', 'numba': '0.59.1', 'requests': '2.31.0', 'matplotlib': '3.7.5', 'scikitplot': '0.3.7', 'yellowbrick': '1.5', 'plotly': '5.20.0', 'plotly-resampler': 'Not installed', 'kaleido': '0.2.1', 'schemdraw': '0.15', 'statsmodels': '0.14.1', 'sktime': '0.27.1', 'tbats': '1.1.3', 'pmdarima': '2.0.4', 'psutil': '5.9.8', 'markupsafe': '2.1.5', 'pickle5': 'Not installed', 'cloudpickle': '3.0.0', 'deprecation': '2.1.0', 'xxhash': '3.4.1', 'wurlitzer': '3.0.3'}, 'python': {'version': '3.11.3', 'machine': 'arm64'}}
pickle: {'deps_info': {'pip': '22.3.1', 'setuptools': '65.5.0', 'pycaret': '3.3.0', 'IPython': '8.22.2', 'ipywidgets': '8.1.2', 'tqdm': '4.66.2', 'numpy': '1.26.4', 'pandas': '2.1.4', 'jinja2': '3.1.3', 'scipy': '1.11.4', 'joblib': '1.3.2', 'sklearn': '1.4.1.post1', 'pyod': '1.1.3', 'imblearn': '0.12.0', 'category_encoders': '2.6.3', 'lightgbm': '4.3.0', 'numba': '0.59.1', 'requests': '2.31.0', 'matplotlib': '3.7.5', 'scikitplot': '0.3.7', 'yellowbrick': '1.5', 'plotly': '5.20.0', 'plotly-resampler': 'Not installed', 'kaleido': '0.2.1', 'schemdraw': '0.15', 'statsmodels': '0.14.1', 'sktime': '0.27.0', 'tbats': '1.1.3', 'pmdarima': '2.0.4', 'psutil': '5.9.8', 'markupsafe': '2.1.5', 'pickle5': 'Not installed', 'cloudpickle': '3.0.0', 'deprecation': '2.1.0', 'xxhash': '3.4.1', 'wurlitzer': '3.0.3'}, 'python': {'version': '3.11.3', 'machine': 'arm64'}}
  warnings.warn(

2024-03-25 14:44:46,519:WARNING:
'cuml' is a soft dependency and not included in the pycaret installation. Please run: `pip install cuml` to install.
2024-03-25 14:44:46,519:WARNING:
'cuml' is a soft dependency and not included in the pycaret installation. Please run: `pip install cuml` to install.
2024-03-25 14:44:46,519:WARNING:
'cuml' is a soft dependency and not included in the pycaret installation. Please run: `pip install cuml` to install.
2024-03-25 14:44:46,520:WARNING:
'cuml' is a soft dependency and not included in the pycaret installation. Please run: `pip install cuml` to install.
2024-03-25 14:44:46,883:INFO:Initializing load_model()
2024-03-25 14:44:46,883:INFO:load_model(model_name=../models/country_gbc_model_v0.1, platform=None, authentication=None, verbose=True)
2024-03-25 14:44:46,948:WARNING:/Users/aghauss/Library/Caches/pypoetry/virtualenvs/playwright-trial-i2UQKaLD-py3.11/lib/python3.11/site-packages/pycaret/internal/pipeline.py:146: UserWarning: Version mismatch:
current: {'deps_info': {'pip': '24.0', 'setuptools': '69.2.0', 'pycaret': '3.3.0', 'IPython': '8.18.1', 'ipywidgets': '8.1.2', 'tqdm': '4.66.2', 'numpy': '1.26.4', 'pandas': '2.0.3', 'jinja2': '3.1.3', 'scipy': '1.11.4', 'joblib': '1.3.2', 'sklearn': '1.4.1.post1', 'pyod': '1.1.3', 'imblearn': '0.12.0', 'category_encoders': '2.6.3', 'lightgbm': '4.3.0', 'numba': '0.59.1', 'requests': '2.31.0', 'matplotlib': '3.7.5', 'scikitplot': '0.3.7', 'yellowbrick': '1.5', 'plotly': '5.20.0', 'plotly-resampler': 'Not installed', 'kaleido': '0.2.1', 'schemdraw': '0.15', 'statsmodels': '0.14.1', 'sktime': '0.27.1', 'tbats': '1.1.3', 'pmdarima': '2.0.4', 'psutil': '5.9.8', 'markupsafe': '2.1.5', 'pickle5': 'Not installed', 'cloudpickle': '3.0.0', 'deprecation': '2.1.0', 'xxhash': '3.4.1', 'wurlitzer': '3.0.3'}, 'python': {'version': '3.11.3', 'machine': 'arm64'}}
pickle: {'deps_info': {'pip': '22.3.1', 'setuptools': '65.5.0', 'pycaret': '3.3.0', 'IPython': '8.22.2', 'ipywidgets': '8.1.2', 'tqdm': '4.66.2', 'numpy': '1.26.4', 'pandas': '2.1.4', 'jinja2': '3.1.3', 'scipy': '1.11.4', 'joblib': '1.3.2', 'sklearn': '1.4.1.post1', 'pyod': '1.1.3', 'imblearn': '0.12.0', 'category_encoders': '2.6.3', 'lightgbm': '4.3.0', 'numba': '0.59.1', 'requests': '2.31.0', 'matplotlib': '3.7.5', 'scikitplot': '0.3.7', 'yellowbrick': '1.5', 'plotly': '5.20.0', 'plotly-resampler': 'Not installed', 'kaleido': '0.2.1', 'schemdraw': '0.15', 'statsmodels': '0.14.1', 'sktime': '0.27.0', 'tbats': '1.1.3', 'pmdarima': '2.0.4', 'psutil': '5.9.8', 'markupsafe': '2.1.5', 'pickle5': 'Not installed', 'cloudpickle': '3.0.0', 'deprecation': '2.1.0', 'xxhash': '3.4.1', 'wurlitzer': '3.0.3'}, 'python': {'version': '3.11.3', 'machine': 'arm64'}}
  warnings.warn(

2024-03-25 14:44:46,949:INFO:Initializing load_model()
2024-03-25 14:44:46,949:INFO:load_model(model_name=../models/savings_extra_trees_model_v0.1, platform=None, authentication=None, verbose=True)
2024-03-25 14:44:46,966:WARNING:/Users/aghauss/Library/Caches/pypoetry/virtualenvs/playwright-trial-i2UQKaLD-py3.11/lib/python3.11/site-packages/pycaret/internal/pipeline.py:146: UserWarning: Version mismatch:
current: {'deps_info': {'pip': '24.0', 'setuptools': '69.2.0', 'pycaret': '3.3.0', 'IPython': '8.18.1', 'ipywidgets': '8.1.2', 'tqdm': '4.66.2', 'numpy': '1.26.4', 'pandas': '2.0.3', 'jinja2': '3.1.3', 'scipy': '1.11.4', 'joblib': '1.3.2', 'sklearn': '1.4.1.post1', 'pyod': '1.1.3', 'imblearn': '0.12.0', 'category_encoders': '2.6.3', 'lightgbm': '4.3.0', 'numba': '0.59.1', 'requests': '2.31.0', 'matplotlib': '3.7.5', 'scikitplot': '0.3.7', 'yellowbrick': '1.5', 'plotly': '5.20.0', 'plotly-resampler': 'Not installed', 'kaleido': '0.2.1', 'schemdraw': '0.15', 'statsmodels': '0.14.1', 'sktime': '0.27.1', 'tbats': '1.1.3', 'pmdarima': '2.0.4', 'psutil': '5.9.8', 'markupsafe': '2.1.5', 'pickle5': 'Not installed', 'cloudpickle': '3.0.0', 'deprecation': '2.1.0', 'xxhash': '3.4.1', 'wurlitzer': '3.0.3'}, 'python': {'version': '3.11.3', 'machine': 'arm64'}}
pickle: {'deps_info': {'pip': '22.3.1', 'setuptools': '65.5.0', 'pycaret': '3.3.0', 'IPython': '8.22.2', 'ipywidgets': '8.1.2', 'tqdm': '4.66.2', 'numpy': '1.26.4', 'pandas': '2.1.4', 'jinja2': '3.1.3', 'scipy': '1.11.4', 'joblib': '1.3.2', 'sklearn': '1.4.1.post1', 'pyod': '1.1.3', 'imblearn': '0.12.0', 'category_encoders': '2.6.3', 'lightgbm': '4.3.0', 'numba': '0.59.1', 'requests': '2.31.0', 'matplotlib': '3.7.5', 'scikitplot': '0.3.7', 'yellowbrick': '1.5', 'plotly': '5.20.0', 'plotly-resampler': 'Not installed', 'kaleido': '0.2.1', 'schemdraw': '0.15', 'statsmodels': '0.14.1', 'sktime': '0.27.0', 'tbats': '1.1.3', 'pmdarima': '2.0.4', 'psutil': '5.9.8', 'markupsafe': '2.1.5', 'pickle5': 'Not installed', 'cloudpickle': '3.0.0', 'deprecation': '2.1.0', 'xxhash': '3.4.1', 'wurlitzer': '3.0.3'}, 'python': {'version': '3.11.3', 'machine': 'arm64'}}
  warnings.warn(

2024-03-27 10:49:17,967:WARNING:
'cuml' is a soft dependency and not included in the pycaret installation. Please run: `pip install cuml` to install.
2024-03-27 10:49:17,968:WARNING:
'cuml' is a soft dependency and not included in the pycaret installation. Please run: `pip install cuml` to install.
2024-03-27 10:49:17,968:WARNING:
'cuml' is a soft dependency and not included in the pycaret installation. Please run: `pip install cuml` to install.
2024-03-27 10:49:17,968:WARNING:
'cuml' is a soft dependency and not included in the pycaret installation. Please run: `pip install cuml` to install.
2024-03-27 10:49:18,699:INFO:Initializing load_model()
2024-03-27 10:49:18,699:INFO:load_model(model_name=../models/country_gbc_model_v0.1, platform=None, authentication=None, verbose=True)
2024-03-27 10:49:18,741:WARNING:/Users/aghauss/Library/Caches/pypoetry/virtualenvs/playwright-trial-i2UQKaLD-py3.11/lib/python3.11/site-packages/pycaret/internal/pipeline.py:146: UserWarning: Version mismatch:
current: {'deps_info': {'pip': '24.0', 'setuptools': '69.2.0', 'pycaret': '3.3.0', 'IPython': '8.18.1', 'ipywidgets': '8.1.2', 'tqdm': '4.66.2', 'numpy': '1.26.4', 'pandas': '2.0.3', 'jinja2': '3.1.3', 'scipy': '1.11.4', 'joblib': '1.3.2', 'sklearn': '1.4.1.post1', 'pyod': '1.1.3', 'imblearn': '0.12.0', 'category_encoders': '2.6.3', 'lightgbm': '4.3.0', 'numba': '0.59.1', 'requests': '2.31.0', 'matplotlib': '3.7.5', 'scikitplot': '0.3.7', 'yellowbrick': '1.5', 'plotly': '5.20.0', 'plotly-resampler': 'Not installed', 'kaleido': '0.2.1', 'schemdraw': '0.15', 'statsmodels': '0.14.1', 'sktime': '0.27.1', 'tbats': '1.1.3', 'pmdarima': '2.0.4', 'psutil': '5.9.8', 'markupsafe': '2.1.5', 'pickle5': 'Not installed', 'cloudpickle': '3.0.0', 'deprecation': '2.1.0', 'xxhash': '3.4.1', 'wurlitzer': '3.0.3'}, 'python': {'version': '3.11.3', 'machine': 'arm64'}}
pickle: {'deps_info': {'pip': '22.3.1', 'setuptools': '65.5.0', 'pycaret': '3.3.0', 'IPython': '8.22.2', 'ipywidgets': '8.1.2', 'tqdm': '4.66.2', 'numpy': '1.26.4', 'pandas': '2.1.4', 'jinja2': '3.1.3', 'scipy': '1.11.4', 'joblib': '1.3.2', 'sklearn': '1.4.1.post1', 'pyod': '1.1.3', 'imblearn': '0.12.0', 'category_encoders': '2.6.3', 'lightgbm': '4.3.0', 'numba': '0.59.1', 'requests': '2.31.0', 'matplotlib': '3.7.5', 'scikitplot': '0.3.7', 'yellowbrick': '1.5', 'plotly': '5.20.0', 'plotly-resampler': 'Not installed', 'kaleido': '0.2.1', 'schemdraw': '0.15', 'statsmodels': '0.14.1', 'sktime': '0.27.0', 'tbats': '1.1.3', 'pmdarima': '2.0.4', 'psutil': '5.9.8', 'markupsafe': '2.1.5', 'pickle5': 'Not installed', 'cloudpickle': '3.0.0', 'deprecation': '2.1.0', 'xxhash': '3.4.1', 'wurlitzer': '3.0.3'}, 'python': {'version': '3.11.3', 'machine': 'arm64'}}
  warnings.warn(

2024-03-27 10:49:18,741:INFO:Initializing load_model()
2024-03-27 10:49:18,742:INFO:load_model(model_name=../models/savings_extra_trees_model_v0.1, platform=None, authentication=None, verbose=True)
2024-03-27 10:49:18,765:WARNING:/Users/aghauss/Library/Caches/pypoetry/virtualenvs/playwright-trial-i2UQKaLD-py3.11/lib/python3.11/site-packages/pycaret/internal/pipeline.py:146: UserWarning: Version mismatch:
current: {'deps_info': {'pip': '24.0', 'setuptools': '69.2.0', 'pycaret': '3.3.0', 'IPython': '8.18.1', 'ipywidgets': '8.1.2', 'tqdm': '4.66.2', 'numpy': '1.26.4', 'pandas': '2.0.3', 'jinja2': '3.1.3', 'scipy': '1.11.4', 'joblib': '1.3.2', 'sklearn': '1.4.1.post1', 'pyod': '1.1.3', 'imblearn': '0.12.0', 'category_encoders': '2.6.3', 'lightgbm': '4.3.0', 'numba': '0.59.1', 'requests': '2.31.0', 'matplotlib': '3.7.5', 'scikitplot': '0.3.7', 'yellowbrick': '1.5', 'plotly': '5.20.0', 'plotly-resampler': 'Not installed', 'kaleido': '0.2.1', 'schemdraw': '0.15', 'statsmodels': '0.14.1', 'sktime': '0.27.1', 'tbats': '1.1.3', 'pmdarima': '2.0.4', 'psutil': '5.9.8', 'markupsafe': '2.1.5', 'pickle5': 'Not installed', 'cloudpickle': '3.0.0', 'deprecation': '2.1.0', 'xxhash': '3.4.1', 'wurlitzer': '3.0.3'}, 'python': {'version': '3.11.3', 'machine': 'arm64'}}
pickle: {'deps_info': {'pip': '22.3.1', 'setuptools': '65.5.0', 'pycaret': '3.3.0', 'IPython': '8.22.2', 'ipywidgets': '8.1.2', 'tqdm': '4.66.2', 'numpy': '1.26.4', 'pandas': '2.1.4', 'jinja2': '3.1.3', 'scipy': '1.11.4', 'joblib': '1.3.2', 'sklearn': '1.4.1.post1', 'pyod': '1.1.3', 'imblearn': '0.12.0', 'category_encoders': '2.6.3', 'lightgbm': '4.3.0', 'numba': '0.59.1', 'requests': '2.31.0', 'matplotlib': '3.7.5', 'scikitplot': '0.3.7', 'yellowbrick': '1.5', 'plotly': '5.20.0', 'plotly-resampler': 'Not installed', 'kaleido': '0.2.1', 'schemdraw': '0.15', 'statsmodels': '0.14.1', 'sktime': '0.27.0', 'tbats': '1.1.3', 'pmdarima': '2.0.4', 'psutil': '5.9.8', 'markupsafe': '2.1.5', 'pickle5': 'Not installed', 'cloudpickle': '3.0.0', 'deprecation': '2.1.0', 'xxhash': '3.4.1', 'wurlitzer': '3.0.3'}, 'python': {'version': '3.11.3', 'machine': 'arm64'}}
  warnings.warn(

2024-03-27 10:49:32,990:WARNING:
'cuml' is a soft dependency and not included in the pycaret installation. Please run: `pip install cuml` to install.
2024-03-27 10:49:32,990:WARNING:
'cuml' is a soft dependency and not included in the pycaret installation. Please run: `pip install cuml` to install.
2024-03-27 10:49:32,990:WARNING:
'cuml' is a soft dependency and not included in the pycaret installation. Please run: `pip install cuml` to install.
2024-03-27 10:49:32,990:WARNING:
'cuml' is a soft dependency and not included in the pycaret installation. Please run: `pip install cuml` to install.
2024-03-27 10:49:33,511:INFO:Initializing load_model()
2024-03-27 10:49:33,512:INFO:load_model(model_name=../models/country_gbc_model_v0.1, platform=None, authentication=None, verbose=True)
2024-03-27 10:49:33,545:WARNING:/Users/aghauss/Library/Caches/pypoetry/virtualenvs/playwright-trial-i2UQKaLD-py3.11/lib/python3.11/site-packages/pycaret/internal/pipeline.py:146: UserWarning: Version mismatch:
current: {'deps_info': {'pip': '24.0', 'setuptools': '69.2.0', 'pycaret': '3.3.0', 'IPython': '8.18.1', 'ipywidgets': '8.1.2', 'tqdm': '4.66.2', 'numpy': '1.26.4', 'pandas': '2.0.3', 'jinja2': '3.1.3', 'scipy': '1.11.4', 'joblib': '1.3.2', 'sklearn': '1.4.1.post1', 'pyod': '1.1.3', 'imblearn': '0.12.0', 'category_encoders': '2.6.3', 'lightgbm': '4.3.0', 'numba': '0.59.1', 'requests': '2.31.0', 'matplotlib': '3.7.5', 'scikitplot': '0.3.7', 'yellowbrick': '1.5', 'plotly': '5.20.0', 'plotly-resampler': 'Not installed', 'kaleido': '0.2.1', 'schemdraw': '0.15', 'statsmodels': '0.14.1', 'sktime': '0.27.1', 'tbats': '1.1.3', 'pmdarima': '2.0.4', 'psutil': '5.9.8', 'markupsafe': '2.1.5', 'pickle5': 'Not installed', 'cloudpickle': '3.0.0', 'deprecation': '2.1.0', 'xxhash': '3.4.1', 'wurlitzer': '3.0.3'}, 'python': {'version': '3.11.3', 'machine': 'arm64'}}
pickle: {'deps_info': {'pip': '22.3.1', 'setuptools': '65.5.0', 'pycaret': '3.3.0', 'IPython': '8.22.2', 'ipywidgets': '8.1.2', 'tqdm': '4.66.2', 'numpy': '1.26.4', 'pandas': '2.1.4', 'jinja2': '3.1.3', 'scipy': '1.11.4', 'joblib': '1.3.2', 'sklearn': '1.4.1.post1', 'pyod': '1.1.3', 'imblearn': '0.12.0', 'category_encoders': '2.6.3', 'lightgbm': '4.3.0', 'numba': '0.59.1', 'requests': '2.31.0', 'matplotlib': '3.7.5', 'scikitplot': '0.3.7', 'yellowbrick': '1.5', 'plotly': '5.20.0', 'plotly-resampler': 'Not installed', 'kaleido': '0.2.1', 'schemdraw': '0.15', 'statsmodels': '0.14.1', 'sktime': '0.27.0', 'tbats': '1.1.3', 'pmdarima': '2.0.4', 'psutil': '5.9.8', 'markupsafe': '2.1.5', 'pickle5': 'Not installed', 'cloudpickle': '3.0.0', 'deprecation': '2.1.0', 'xxhash': '3.4.1', 'wurlitzer': '3.0.3'}, 'python': {'version': '3.11.3', 'machine': 'arm64'}}
  warnings.warn(

2024-03-27 10:49:33,545:INFO:Initializing load_model()
2024-03-27 10:49:33,545:INFO:load_model(model_name=../models/savings_extra_trees_model_v0.1, platform=None, authentication=None, verbose=True)
2024-03-27 10:49:33,607:WARNING:/Users/aghauss/Library/Caches/pypoetry/virtualenvs/playwright-trial-i2UQKaLD-py3.11/lib/python3.11/site-packages/pycaret/internal/pipeline.py:146: UserWarning: Version mismatch:
current: {'deps_info': {'pip': '24.0', 'setuptools': '69.2.0', 'pycaret': '3.3.0', 'IPython': '8.18.1', 'ipywidgets': '8.1.2', 'tqdm': '4.66.2', 'numpy': '1.26.4', 'pandas': '2.0.3', 'jinja2': '3.1.3', 'scipy': '1.11.4', 'joblib': '1.3.2', 'sklearn': '1.4.1.post1', 'pyod': '1.1.3', 'imblearn': '0.12.0', 'category_encoders': '2.6.3', 'lightgbm': '4.3.0', 'numba': '0.59.1', 'requests': '2.31.0', 'matplotlib': '3.7.5', 'scikitplot': '0.3.7', 'yellowbrick': '1.5', 'plotly': '5.20.0', 'plotly-resampler': 'Not installed', 'kaleido': '0.2.1', 'schemdraw': '0.15', 'statsmodels': '0.14.1', 'sktime': '0.27.1', 'tbats': '1.1.3', 'pmdarima': '2.0.4', 'psutil': '5.9.8', 'markupsafe': '2.1.5', 'pickle5': 'Not installed', 'cloudpickle': '3.0.0', 'deprecation': '2.1.0', 'xxhash': '3.4.1', 'wurlitzer': '3.0.3'}, 'python': {'version': '3.11.3', 'machine': 'arm64'}}
pickle: {'deps_info': {'pip': '22.3.1', 'setuptools': '65.5.0', 'pycaret': '3.3.0', 'IPython': '8.22.2', 'ipywidgets': '8.1.2', 'tqdm': '4.66.2', 'numpy': '1.26.4', 'pandas': '2.1.4', 'jinja2': '3.1.3', 'scipy': '1.11.4', 'joblib': '1.3.2', 'sklearn': '1.4.1.post1', 'pyod': '1.1.3', 'imblearn': '0.12.0', 'category_encoders': '2.6.3', 'lightgbm': '4.3.0', 'numba': '0.59.1', 'requests': '2.31.0', 'matplotlib': '3.7.5', 'scikitplot': '0.3.7', 'yellowbrick': '1.5', 'plotly': '5.20.0', 'plotly-resampler': 'Not installed', 'kaleido': '0.2.1', 'schemdraw': '0.15', 'statsmodels': '0.14.1', 'sktime': '0.27.0', 'tbats': '1.1.3', 'pmdarima': '2.0.4', 'psutil': '5.9.8', 'markupsafe': '2.1.5', 'pickle5': 'Not installed', 'cloudpickle': '3.0.0', 'deprecation': '2.1.0', 'xxhash': '3.4.1', 'wurlitzer': '3.0.3'}, 'python': {'version': '3.11.3', 'machine': 'arm64'}}
  warnings.warn(

2024-03-27 17:15:38,346:WARNING:
'cuml' is a soft dependency and not included in the pycaret installation. Please run: `pip install cuml` to install.
2024-03-27 17:15:38,346:WARNING:
'cuml' is a soft dependency and not included in the pycaret installation. Please run: `pip install cuml` to install.
2024-03-27 17:15:38,346:WARNING:
'cuml' is a soft dependency and not included in the pycaret installation. Please run: `pip install cuml` to install.
2024-03-27 17:15:38,346:WARNING:
'cuml' is a soft dependency and not included in the pycaret installation. Please run: `pip install cuml` to install.
2024-03-27 17:15:38,862:INFO:Initializing load_model()
2024-03-27 17:15:38,862:INFO:load_model(model_name=../models/country_gbc_model_v0.1, platform=None, authentication=None, verbose=True)
2024-03-27 17:15:38,892:WARNING:/Users/aghauss/Library/Caches/pypoetry/virtualenvs/playwright-trial-i2UQKaLD-py3.11/lib/python3.11/site-packages/pycaret/internal/pipeline.py:146: UserWarning: Version mismatch:
current: {'deps_info': {'pip': '24.0', 'setuptools': '69.2.0', 'pycaret': '3.3.0', 'IPython': '8.18.1', 'ipywidgets': '8.1.2', 'tqdm': '4.66.2', 'numpy': '1.26.4', 'pandas': '2.0.3', 'jinja2': '3.1.3', 'scipy': '1.11.4', 'joblib': '1.3.2', 'sklearn': '1.4.1.post1', 'pyod': '1.1.3', 'imblearn': '0.12.0', 'category_encoders': '2.6.3', 'lightgbm': '4.3.0', 'numba': '0.59.1', 'requests': '2.31.0', 'matplotlib': '3.7.5', 'scikitplot': '0.3.7', 'yellowbrick': '1.5', 'plotly': '5.20.0', 'plotly-resampler': 'Not installed', 'kaleido': '0.2.1', 'schemdraw': '0.15', 'statsmodels': '0.14.1', 'sktime': '0.27.1', 'tbats': '1.1.3', 'pmdarima': '2.0.4', 'psutil': '5.9.8', 'markupsafe': '2.1.5', 'pickle5': 'Not installed', 'cloudpickle': '3.0.0', 'deprecation': '2.1.0', 'xxhash': '3.4.1', 'wurlitzer': '3.0.3'}, 'python': {'version': '3.11.3', 'machine': 'arm64'}}
pickle: {'deps_info': {'pip': '22.3.1', 'setuptools': '65.5.0', 'pycaret': '3.3.0', 'IPython': '8.22.2', 'ipywidgets': '8.1.2', 'tqdm': '4.66.2', 'numpy': '1.26.4', 'pandas': '2.1.4', 'jinja2': '3.1.3', 'scipy': '1.11.4', 'joblib': '1.3.2', 'sklearn': '1.4.1.post1', 'pyod': '1.1.3', 'imblearn': '0.12.0', 'category_encoders': '2.6.3', 'lightgbm': '4.3.0', 'numba': '0.59.1', 'requests': '2.31.0', 'matplotlib': '3.7.5', 'scikitplot': '0.3.7', 'yellowbrick': '1.5', 'plotly': '5.20.0', 'plotly-resampler': 'Not installed', 'kaleido': '0.2.1', 'schemdraw': '0.15', 'statsmodels': '0.14.1', 'sktime': '0.27.0', 'tbats': '1.1.3', 'pmdarima': '2.0.4', 'psutil': '5.9.8', 'markupsafe': '2.1.5', 'pickle5': 'Not installed', 'cloudpickle': '3.0.0', 'deprecation': '2.1.0', 'xxhash': '3.4.1', 'wurlitzer': '3.0.3'}, 'python': {'version': '3.11.3', 'machine': 'arm64'}}
  warnings.warn(

2024-03-27 17:15:38,892:INFO:Initializing load_model()
2024-03-27 17:15:38,892:INFO:load_model(model_name=../models/savings_extra_trees_model_v0.1, platform=None, authentication=None, verbose=True)
2024-03-27 17:15:38,927:WARNING:/Users/aghauss/Library/Caches/pypoetry/virtualenvs/playwright-trial-i2UQKaLD-py3.11/lib/python3.11/site-packages/pycaret/internal/pipeline.py:146: UserWarning: Version mismatch:
current: {'deps_info': {'pip': '24.0', 'setuptools': '69.2.0', 'pycaret': '3.3.0', 'IPython': '8.18.1', 'ipywidgets': '8.1.2', 'tqdm': '4.66.2', 'numpy': '1.26.4', 'pandas': '2.0.3', 'jinja2': '3.1.3', 'scipy': '1.11.4', 'joblib': '1.3.2', 'sklearn': '1.4.1.post1', 'pyod': '1.1.3', 'imblearn': '0.12.0', 'category_encoders': '2.6.3', 'lightgbm': '4.3.0', 'numba': '0.59.1', 'requests': '2.31.0', 'matplotlib': '3.7.5', 'scikitplot': '0.3.7', 'yellowbrick': '1.5', 'plotly': '5.20.0', 'plotly-resampler': 'Not installed', 'kaleido': '0.2.1', 'schemdraw': '0.15', 'statsmodels': '0.14.1', 'sktime': '0.27.1', 'tbats': '1.1.3', 'pmdarima': '2.0.4', 'psutil': '5.9.8', 'markupsafe': '2.1.5', 'pickle5': 'Not installed', 'cloudpickle': '3.0.0', 'deprecation': '2.1.0', 'xxhash': '3.4.1', 'wurlitzer': '3.0.3'}, 'python': {'version': '3.11.3', 'machine': 'arm64'}}
pickle: {'deps_info': {'pip': '22.3.1', 'setuptools': '65.5.0', 'pycaret': '3.3.0', 'IPython': '8.22.2', 'ipywidgets': '8.1.2', 'tqdm': '4.66.2', 'numpy': '1.26.4', 'pandas': '2.1.4', 'jinja2': '3.1.3', 'scipy': '1.11.4', 'joblib': '1.3.2', 'sklearn': '1.4.1.post1', 'pyod': '1.1.3', 'imblearn': '0.12.0', 'category_encoders': '2.6.3', 'lightgbm': '4.3.0', 'numba': '0.59.1', 'requests': '2.31.0', 'matplotlib': '3.7.5', 'scikitplot': '0.3.7', 'yellowbrick': '1.5', 'plotly': '5.20.0', 'plotly-resampler': 'Not installed', 'kaleido': '0.2.1', 'schemdraw': '0.15', 'statsmodels': '0.14.1', 'sktime': '0.27.0', 'tbats': '1.1.3', 'pmdarima': '2.0.4', 'psutil': '5.9.8', 'markupsafe': '2.1.5', 'pickle5': 'Not installed', 'cloudpickle': '3.0.0', 'deprecation': '2.1.0', 'xxhash': '3.4.1', 'wurlitzer': '3.0.3'}, 'python': {'version': '3.11.3', 'machine': 'arm64'}}
  warnings.warn(

2024-03-27 17:15:47,499:WARNING:
'cuml' is a soft dependency and not included in the pycaret installation. Please run: `pip install cuml` to install.
2024-03-27 17:15:47,500:WARNING:
'cuml' is a soft dependency and not included in the pycaret installation. Please run: `pip install cuml` to install.
2024-03-27 17:15:47,500:WARNING:
'cuml' is a soft dependency and not included in the pycaret installation. Please run: `pip install cuml` to install.
2024-03-27 17:15:47,500:WARNING:
'cuml' is a soft dependency and not included in the pycaret installation. Please run: `pip install cuml` to install.
2024-03-27 17:15:47,973:INFO:Initializing load_model()
2024-03-27 17:15:47,973:INFO:load_model(model_name=../models/country_gbc_model_v0.1, platform=None, authentication=None, verbose=True)
2024-03-27 17:15:48,000:WARNING:/Users/aghauss/Library/Caches/pypoetry/virtualenvs/playwright-trial-i2UQKaLD-py3.11/lib/python3.11/site-packages/pycaret/internal/pipeline.py:146: UserWarning: Version mismatch:
current: {'deps_info': {'pip': '24.0', 'setuptools': '69.2.0', 'pycaret': '3.3.0', 'IPython': '8.18.1', 'ipywidgets': '8.1.2', 'tqdm': '4.66.2', 'numpy': '1.26.4', 'pandas': '2.0.3', 'jinja2': '3.1.3', 'scipy': '1.11.4', 'joblib': '1.3.2', 'sklearn': '1.4.1.post1', 'pyod': '1.1.3', 'imblearn': '0.12.0', 'category_encoders': '2.6.3', 'lightgbm': '4.3.0', 'numba': '0.59.1', 'requests': '2.31.0', 'matplotlib': '3.7.5', 'scikitplot': '0.3.7', 'yellowbrick': '1.5', 'plotly': '5.20.0', 'plotly-resampler': 'Not installed', 'kaleido': '0.2.1', 'schemdraw': '0.15', 'statsmodels': '0.14.1', 'sktime': '0.27.1', 'tbats': '1.1.3', 'pmdarima': '2.0.4', 'psutil': '5.9.8', 'markupsafe': '2.1.5', 'pickle5': 'Not installed', 'cloudpickle': '3.0.0', 'deprecation': '2.1.0', 'xxhash': '3.4.1', 'wurlitzer': '3.0.3'}, 'python': {'version': '3.11.3', 'machine': 'arm64'}}
pickle: {'deps_info': {'pip': '22.3.1', 'setuptools': '65.5.0', 'pycaret': '3.3.0', 'IPython': '8.22.2', 'ipywidgets': '8.1.2', 'tqdm': '4.66.2', 'numpy': '1.26.4', 'pandas': '2.1.4', 'jinja2': '3.1.3', 'scipy': '1.11.4', 'joblib': '1.3.2', 'sklearn': '1.4.1.post1', 'pyod': '1.1.3', 'imblearn': '0.12.0', 'category_encoders': '2.6.3', 'lightgbm': '4.3.0', 'numba': '0.59.1', 'requests': '2.31.0', 'matplotlib': '3.7.5', 'scikitplot': '0.3.7', 'yellowbrick': '1.5', 'plotly': '5.20.0', 'plotly-resampler': 'Not installed', 'kaleido': '0.2.1', 'schemdraw': '0.15', 'statsmodels': '0.14.1', 'sktime': '0.27.0', 'tbats': '1.1.3', 'pmdarima': '2.0.4', 'psutil': '5.9.8', 'markupsafe': '2.1.5', 'pickle5': 'Not installed', 'cloudpickle': '3.0.0', 'deprecation': '2.1.0', 'xxhash': '3.4.1', 'wurlitzer': '3.0.3'}, 'python': {'version': '3.11.3', 'machine': 'arm64'}}
  warnings.warn(

2024-03-27 17:15:48,000:INFO:Initializing load_model()
2024-03-27 17:15:48,000:INFO:load_model(model_name=../models/savings_extra_trees_model_v0.1, platform=None, authentication=None, verbose=True)
2024-03-27 17:15:48,055:WARNING:/Users/aghauss/Library/Caches/pypoetry/virtualenvs/playwright-trial-i2UQKaLD-py3.11/lib/python3.11/site-packages/pycaret/internal/pipeline.py:146: UserWarning: Version mismatch:
current: {'deps_info': {'pip': '24.0', 'setuptools': '69.2.0', 'pycaret': '3.3.0', 'IPython': '8.18.1', 'ipywidgets': '8.1.2', 'tqdm': '4.66.2', 'numpy': '1.26.4', 'pandas': '2.0.3', 'jinja2': '3.1.3', 'scipy': '1.11.4', 'joblib': '1.3.2', 'sklearn': '1.4.1.post1', 'pyod': '1.1.3', 'imblearn': '0.12.0', 'category_encoders': '2.6.3', 'lightgbm': '4.3.0', 'numba': '0.59.1', 'requests': '2.31.0', 'matplotlib': '3.7.5', 'scikitplot': '0.3.7', 'yellowbrick': '1.5', 'plotly': '5.20.0', 'plotly-resampler': 'Not installed', 'kaleido': '0.2.1', 'schemdraw': '0.15', 'statsmodels': '0.14.1', 'sktime': '0.27.1', 'tbats': '1.1.3', 'pmdarima': '2.0.4', 'psutil': '5.9.8', 'markupsafe': '2.1.5', 'pickle5': 'Not installed', 'cloudpickle': '3.0.0', 'deprecation': '2.1.0', 'xxhash': '3.4.1', 'wurlitzer': '3.0.3'}, 'python': {'version': '3.11.3', 'machine': 'arm64'}}
pickle: {'deps_info': {'pip': '22.3.1', 'setuptools': '65.5.0', 'pycaret': '3.3.0', 'IPython': '8.22.2', 'ipywidgets': '8.1.2', 'tqdm': '4.66.2', 'numpy': '1.26.4', 'pandas': '2.1.4', 'jinja2': '3.1.3', 'scipy': '1.11.4', 'joblib': '1.3.2', 'sklearn': '1.4.1.post1', 'pyod': '1.1.3', 'imblearn': '0.12.0', 'category_encoders': '2.6.3', 'lightgbm': '4.3.0', 'numba': '0.59.1', 'requests': '2.31.0', 'matplotlib': '3.7.5', 'scikitplot': '0.3.7', 'yellowbrick': '1.5', 'plotly': '5.20.0', 'plotly-resampler': 'Not installed', 'kaleido': '0.2.1', 'schemdraw': '0.15', 'statsmodels': '0.14.1', 'sktime': '0.27.0', 'tbats': '1.1.3', 'pmdarima': '2.0.4', 'psutil': '5.9.8', 'markupsafe': '2.1.5', 'pickle5': 'Not installed', 'cloudpickle': '3.0.0', 'deprecation': '2.1.0', 'xxhash': '3.4.1', 'wurlitzer': '3.0.3'}, 'python': {'version': '3.11.3', 'machine': 'arm64'}}
  warnings.warn(

2024-03-27 21:13:38,949:WARNING:
'cuml' is a soft dependency and not included in the pycaret installation. Please run: `pip install cuml` to install.
2024-03-27 21:13:38,950:WARNING:
'cuml' is a soft dependency and not included in the pycaret installation. Please run: `pip install cuml` to install.
2024-03-27 21:13:38,950:WARNING:
'cuml' is a soft dependency and not included in the pycaret installation. Please run: `pip install cuml` to install.
2024-03-27 21:13:38,950:WARNING:
'cuml' is a soft dependency and not included in the pycaret installation. Please run: `pip install cuml` to install.
2024-03-27 21:13:39,454:INFO:Initializing load_model()
2024-03-27 21:13:39,454:INFO:load_model(model_name=../models/country_gbc_model_v0.1, platform=None, authentication=None, verbose=True)
2024-03-27 21:13:39,484:WARNING:/Users/aghauss/Library/Caches/pypoetry/virtualenvs/playwright-trial-i2UQKaLD-py3.11/lib/python3.11/site-packages/pycaret/internal/pipeline.py:146: UserWarning: Version mismatch:
current: {'deps_info': {'pip': '24.0', 'setuptools': '69.2.0', 'pycaret': '3.3.0', 'IPython': '8.18.1', 'ipywidgets': '8.1.2', 'tqdm': '4.66.2', 'numpy': '1.26.4', 'pandas': '2.0.3', 'jinja2': '3.1.3', 'scipy': '1.11.4', 'joblib': '1.3.2', 'sklearn': '1.4.1.post1', 'pyod': '1.1.3', 'imblearn': '0.12.0', 'category_encoders': '2.6.3', 'lightgbm': '4.3.0', 'numba': '0.59.1', 'requests': '2.31.0', 'matplotlib': '3.7.5', 'scikitplot': '0.3.7', 'yellowbrick': '1.5', 'plotly': '5.20.0', 'plotly-resampler': 'Not installed', 'kaleido': '0.2.1', 'schemdraw': '0.15', 'statsmodels': '0.14.1', 'sktime': '0.27.1', 'tbats': '1.1.3', 'pmdarima': '2.0.4', 'psutil': '5.9.8', 'markupsafe': '2.1.5', 'pickle5': 'Not installed', 'cloudpickle': '3.0.0', 'deprecation': '2.1.0', 'xxhash': '3.4.1', 'wurlitzer': '3.0.3'}, 'python': {'version': '3.11.3', 'machine': 'arm64'}}
pickle: {'deps_info': {'pip': '22.3.1', 'setuptools': '65.5.0', 'pycaret': '3.3.0', 'IPython': '8.22.2', 'ipywidgets': '8.1.2', 'tqdm': '4.66.2', 'numpy': '1.26.4', 'pandas': '2.1.4', 'jinja2': '3.1.3', 'scipy': '1.11.4', 'joblib': '1.3.2', 'sklearn': '1.4.1.post1', 'pyod': '1.1.3', 'imblearn': '0.12.0', 'category_encoders': '2.6.3', 'lightgbm': '4.3.0', 'numba': '0.59.1', 'requests': '2.31.0', 'matplotlib': '3.7.5', 'scikitplot': '0.3.7', 'yellowbrick': '1.5', 'plotly': '5.20.0', 'plotly-resampler': 'Not installed', 'kaleido': '0.2.1', 'schemdraw': '0.15', 'statsmodels': '0.14.1', 'sktime': '0.27.0', 'tbats': '1.1.3', 'pmdarima': '2.0.4', 'psutil': '5.9.8', 'markupsafe': '2.1.5', 'pickle5': 'Not installed', 'cloudpickle': '3.0.0', 'deprecation': '2.1.0', 'xxhash': '3.4.1', 'wurlitzer': '3.0.3'}, 'python': {'version': '3.11.3', 'machine': 'arm64'}}
  warnings.warn(

2024-03-27 21:13:39,484:INFO:Initializing load_model()
2024-03-27 21:13:39,484:INFO:load_model(model_name=../models/savings_extra_trees_model_v0.1, platform=None, authentication=None, verbose=True)
2024-03-27 21:13:39,504:WARNING:/Users/aghauss/Library/Caches/pypoetry/virtualenvs/playwright-trial-i2UQKaLD-py3.11/lib/python3.11/site-packages/pycaret/internal/pipeline.py:146: UserWarning: Version mismatch:
current: {'deps_info': {'pip': '24.0', 'setuptools': '69.2.0', 'pycaret': '3.3.0', 'IPython': '8.18.1', 'ipywidgets': '8.1.2', 'tqdm': '4.66.2', 'numpy': '1.26.4', 'pandas': '2.0.3', 'jinja2': '3.1.3', 'scipy': '1.11.4', 'joblib': '1.3.2', 'sklearn': '1.4.1.post1', 'pyod': '1.1.3', 'imblearn': '0.12.0', 'category_encoders': '2.6.3', 'lightgbm': '4.3.0', 'numba': '0.59.1', 'requests': '2.31.0', 'matplotlib': '3.7.5', 'scikitplot': '0.3.7', 'yellowbrick': '1.5', 'plotly': '5.20.0', 'plotly-resampler': 'Not installed', 'kaleido': '0.2.1', 'schemdraw': '0.15', 'statsmodels': '0.14.1', 'sktime': '0.27.1', 'tbats': '1.1.3', 'pmdarima': '2.0.4', 'psutil': '5.9.8', 'markupsafe': '2.1.5', 'pickle5': 'Not installed', 'cloudpickle': '3.0.0', 'deprecation': '2.1.0', 'xxhash': '3.4.1', 'wurlitzer': '3.0.3'}, 'python': {'version': '3.11.3', 'machine': 'arm64'}}
pickle: {'deps_info': {'pip': '22.3.1', 'setuptools': '65.5.0', 'pycaret': '3.3.0', 'IPython': '8.22.2', 'ipywidgets': '8.1.2', 'tqdm': '4.66.2', 'numpy': '1.26.4', 'pandas': '2.1.4', 'jinja2': '3.1.3', 'scipy': '1.11.4', 'joblib': '1.3.2', 'sklearn': '1.4.1.post1', 'pyod': '1.1.3', 'imblearn': '0.12.0', 'category_encoders': '2.6.3', 'lightgbm': '4.3.0', 'numba': '0.59.1', 'requests': '2.31.0', 'matplotlib': '3.7.5', 'scikitplot': '0.3.7', 'yellowbrick': '1.5', 'plotly': '5.20.0', 'plotly-resampler': 'Not installed', 'kaleido': '0.2.1', 'schemdraw': '0.15', 'statsmodels': '0.14.1', 'sktime': '0.27.0', 'tbats': '1.1.3', 'pmdarima': '2.0.4', 'psutil': '5.9.8', 'markupsafe': '2.1.5', 'pickle5': 'Not installed', 'cloudpickle': '3.0.0', 'deprecation': '2.1.0', 'xxhash': '3.4.1', 'wurlitzer': '3.0.3'}, 'python': {'version': '3.11.3', 'machine': 'arm64'}}
  warnings.warn(

2024-03-27 21:13:46,572:WARNING:
'cuml' is a soft dependency and not included in the pycaret installation. Please run: `pip install cuml` to install.
2024-03-27 21:13:46,572:WARNING:
'cuml' is a soft dependency and not included in the pycaret installation. Please run: `pip install cuml` to install.
2024-03-27 21:13:46,572:WARNING:
'cuml' is a soft dependency and not included in the pycaret installation. Please run: `pip install cuml` to install.
2024-03-27 21:13:46,572:WARNING:
'cuml' is a soft dependency and not included in the pycaret installation. Please run: `pip install cuml` to install.
2024-03-27 21:13:47,050:INFO:Initializing load_model()
2024-03-27 21:13:47,050:INFO:load_model(model_name=../models/country_gbc_model_v0.1, platform=None, authentication=None, verbose=True)
2024-03-27 21:13:47,078:WARNING:/Users/aghauss/Library/Caches/pypoetry/virtualenvs/playwright-trial-i2UQKaLD-py3.11/lib/python3.11/site-packages/pycaret/internal/pipeline.py:146: UserWarning: Version mismatch:
current: {'deps_info': {'pip': '24.0', 'setuptools': '69.2.0', 'pycaret': '3.3.0', 'IPython': '8.18.1', 'ipywidgets': '8.1.2', 'tqdm': '4.66.2', 'numpy': '1.26.4', 'pandas': '2.0.3', 'jinja2': '3.1.3', 'scipy': '1.11.4', 'joblib': '1.3.2', 'sklearn': '1.4.1.post1', 'pyod': '1.1.3', 'imblearn': '0.12.0', 'category_encoders': '2.6.3', 'lightgbm': '4.3.0', 'numba': '0.59.1', 'requests': '2.31.0', 'matplotlib': '3.7.5', 'scikitplot': '0.3.7', 'yellowbrick': '1.5', 'plotly': '5.20.0', 'plotly-resampler': 'Not installed', 'kaleido': '0.2.1', 'schemdraw': '0.15', 'statsmodels': '0.14.1', 'sktime': '0.27.1', 'tbats': '1.1.3', 'pmdarima': '2.0.4', 'psutil': '5.9.8', 'markupsafe': '2.1.5', 'pickle5': 'Not installed', 'cloudpickle': '3.0.0', 'deprecation': '2.1.0', 'xxhash': '3.4.1', 'wurlitzer': '3.0.3'}, 'python': {'version': '3.11.3', 'machine': 'arm64'}}
pickle: {'deps_info': {'pip': '22.3.1', 'setuptools': '65.5.0', 'pycaret': '3.3.0', 'IPython': '8.22.2', 'ipywidgets': '8.1.2', 'tqdm': '4.66.2', 'numpy': '1.26.4', 'pandas': '2.1.4', 'jinja2': '3.1.3', 'scipy': '1.11.4', 'joblib': '1.3.2', 'sklearn': '1.4.1.post1', 'pyod': '1.1.3', 'imblearn': '0.12.0', 'category_encoders': '2.6.3', 'lightgbm': '4.3.0', 'numba': '0.59.1', 'requests': '2.31.0', 'matplotlib': '3.7.5', 'scikitplot': '0.3.7', 'yellowbrick': '1.5', 'plotly': '5.20.0', 'plotly-resampler': 'Not installed', 'kaleido': '0.2.1', 'schemdraw': '0.15', 'statsmodels': '0.14.1', 'sktime': '0.27.0', 'tbats': '1.1.3', 'pmdarima': '2.0.4', 'psutil': '5.9.8', 'markupsafe': '2.1.5', 'pickle5': 'Not installed', 'cloudpickle': '3.0.0', 'deprecation': '2.1.0', 'xxhash': '3.4.1', 'wurlitzer': '3.0.3'}, 'python': {'version': '3.11.3', 'machine': 'arm64'}}
  warnings.warn(

2024-03-27 21:13:47,078:INFO:Initializing load_model()
2024-03-27 21:13:47,078:INFO:load_model(model_name=../models/savings_extra_trees_model_v0.1, platform=None, authentication=None, verbose=True)
2024-03-27 21:13:47,133:WARNING:/Users/aghauss/Library/Caches/pypoetry/virtualenvs/playwright-trial-i2UQKaLD-py3.11/lib/python3.11/site-packages/pycaret/internal/pipeline.py:146: UserWarning: Version mismatch:
current: {'deps_info': {'pip': '24.0', 'setuptools': '69.2.0', 'pycaret': '3.3.0', 'IPython': '8.18.1', 'ipywidgets': '8.1.2', 'tqdm': '4.66.2', 'numpy': '1.26.4', 'pandas': '2.0.3', 'jinja2': '3.1.3', 'scipy': '1.11.4', 'joblib': '1.3.2', 'sklearn': '1.4.1.post1', 'pyod': '1.1.3', 'imblearn': '0.12.0', 'category_encoders': '2.6.3', 'lightgbm': '4.3.0', 'numba': '0.59.1', 'requests': '2.31.0', 'matplotlib': '3.7.5', 'scikitplot': '0.3.7', 'yellowbrick': '1.5', 'plotly': '5.20.0', 'plotly-resampler': 'Not installed', 'kaleido': '0.2.1', 'schemdraw': '0.15', 'statsmodels': '0.14.1', 'sktime': '0.27.1', 'tbats': '1.1.3', 'pmdarima': '2.0.4', 'psutil': '5.9.8', 'markupsafe': '2.1.5', 'pickle5': 'Not installed', 'cloudpickle': '3.0.0', 'deprecation': '2.1.0', 'xxhash': '3.4.1', 'wurlitzer': '3.0.3'}, 'python': {'version': '3.11.3', 'machine': 'arm64'}}
pickle: {'deps_info': {'pip': '22.3.1', 'setuptools': '65.5.0', 'pycaret': '3.3.0', 'IPython': '8.22.2', 'ipywidgets': '8.1.2', 'tqdm': '4.66.2', 'numpy': '1.26.4', 'pandas': '2.1.4', 'jinja2': '3.1.3', 'scipy': '1.11.4', 'joblib': '1.3.2', 'sklearn': '1.4.1.post1', 'pyod': '1.1.3', 'imblearn': '0.12.0', 'category_encoders': '2.6.3', 'lightgbm': '4.3.0', 'numba': '0.59.1', 'requests': '2.31.0', 'matplotlib': '3.7.5', 'scikitplot': '0.3.7', 'yellowbrick': '1.5', 'plotly': '5.20.0', 'plotly-resampler': 'Not installed', 'kaleido': '0.2.1', 'schemdraw': '0.15', 'statsmodels': '0.14.1', 'sktime': '0.27.0', 'tbats': '1.1.3', 'pmdarima': '2.0.4', 'psutil': '5.9.8', 'markupsafe': '2.1.5', 'pickle5': 'Not installed', 'cloudpickle': '3.0.0', 'deprecation': '2.1.0', 'xxhash': '3.4.1', 'wurlitzer': '3.0.3'}, 'python': {'version': '3.11.3', 'machine': 'arm64'}}
  warnings.warn(

2024-03-28 11:32:13,442:WARNING:
'cuml' is a soft dependency and not included in the pycaret installation. Please run: `pip install cuml` to install.
2024-03-28 11:32:13,443:WARNING:
'cuml' is a soft dependency and not included in the pycaret installation. Please run: `pip install cuml` to install.
2024-03-28 11:32:13,443:WARNING:
'cuml' is a soft dependency and not included in the pycaret installation. Please run: `pip install cuml` to install.
2024-03-28 11:32:13,443:WARNING:
'cuml' is a soft dependency and not included in the pycaret installation. Please run: `pip install cuml` to install.
2024-03-28 11:32:13,933:INFO:Initializing load_model()
2024-03-28 11:32:13,933:INFO:load_model(model_name=../models/classification_model.pkl, platform=None, authentication=None, verbose=True)
2024-03-28 11:32:31,474:WARNING:
'cuml' is a soft dependency and not included in the pycaret installation. Please run: `pip install cuml` to install.
2024-03-28 11:32:31,475:WARNING:
'cuml' is a soft dependency and not included in the pycaret installation. Please run: `pip install cuml` to install.
2024-03-28 11:32:31,475:WARNING:
'cuml' is a soft dependency and not included in the pycaret installation. Please run: `pip install cuml` to install.
2024-03-28 11:32:31,475:WARNING:
'cuml' is a soft dependency and not included in the pycaret installation. Please run: `pip install cuml` to install.
2024-03-28 11:32:32,088:INFO:Initializing load_model()
2024-03-28 11:32:32,088:INFO:load_model(model_name=../models/classification_model, platform=None, authentication=None, verbose=True)
2024-03-28 11:32:32,144:INFO:Initializing load_model()
2024-03-28 11:32:32,144:INFO:load_model(model_name=../models/regression_model, platform=None, authentication=None, verbose=True)
2024-03-28 11:32:40,146:WARNING:
'cuml' is a soft dependency and not included in the pycaret installation. Please run: `pip install cuml` to install.
2024-03-28 11:32:40,147:WARNING:
'cuml' is a soft dependency and not included in the pycaret installation. Please run: `pip install cuml` to install.
2024-03-28 11:32:40,147:WARNING:
'cuml' is a soft dependency and not included in the pycaret installation. Please run: `pip install cuml` to install.
2024-03-28 11:32:40,147:WARNING:
'cuml' is a soft dependency and not included in the pycaret installation. Please run: `pip install cuml` to install.
2024-03-28 11:32:40,663:INFO:Initializing load_model()
2024-03-28 11:32:40,663:INFO:load_model(model_name=../models/classification_model, platform=None, authentication=None, verbose=True)
2024-03-28 11:32:40,737:INFO:Initializing load_model()
2024-03-28 11:32:40,737:INFO:load_model(model_name=../models/regression_model, platform=None, authentication=None, verbose=True)
2024-03-28 11:35:36,623:WARNING:
'cuml' is a soft dependency and not included in the pycaret installation. Please run: `pip install cuml` to install.
2024-03-28 11:35:36,623:WARNING:
'cuml' is a soft dependency and not included in the pycaret installation. Please run: `pip install cuml` to install.
2024-03-28 11:35:36,624:WARNING:
'cuml' is a soft dependency and not included in the pycaret installation. Please run: `pip install cuml` to install.
2024-03-28 11:35:36,624:WARNING:
'cuml' is a soft dependency and not included in the pycaret installation. Please run: `pip install cuml` to install.
2024-03-28 11:35:37,162:INFO:Initializing load_model()
2024-03-28 11:35:37,162:INFO:load_model(model_name=../models/classification_model, platform=None, authentication=None, verbose=True)
2024-03-28 11:35:37,213:INFO:Initializing load_model()
2024-03-28 11:35:37,213:INFO:load_model(model_name=../models/regression_model, platform=None, authentication=None, verbose=True)
2024-03-28 11:35:41,511:WARNING:
'cuml' is a soft dependency and not included in the pycaret installation. Please run: `pip install cuml` to install.
2024-03-28 11:35:41,511:WARNING:
'cuml' is a soft dependency and not included in the pycaret installation. Please run: `pip install cuml` to install.
2024-03-28 11:35:41,511:WARNING:
'cuml' is a soft dependency and not included in the pycaret installation. Please run: `pip install cuml` to install.
2024-03-28 11:35:41,511:WARNING:
'cuml' is a soft dependency and not included in the pycaret installation. Please run: `pip install cuml` to install.
2024-03-28 11:35:41,940:INFO:Initializing load_model()
2024-03-28 11:35:41,940:INFO:load_model(model_name=../models/classification_model, platform=None, authentication=None, verbose=True)
2024-03-28 11:35:41,973:INFO:Initializing load_model()
2024-03-28 11:35:41,973:INFO:load_model(model_name=../models/regression_model, platform=None, authentication=None, verbose=True)
2024-03-28 11:36:51,184:WARNING:
'cuml' is a soft dependency and not included in the pycaret installation. Please run: `pip install cuml` to install.
2024-03-28 11:36:51,184:WARNING:
'cuml' is a soft dependency and not included in the pycaret installation. Please run: `pip install cuml` to install.
2024-03-28 11:36:51,185:WARNING:
'cuml' is a soft dependency and not included in the pycaret installation. Please run: `pip install cuml` to install.
2024-03-28 11:36:51,185:WARNING:
'cuml' is a soft dependency and not included in the pycaret installation. Please run: `pip install cuml` to install.
2024-03-28 11:36:51,699:INFO:Initializing load_model()
2024-03-28 11:36:51,699:INFO:load_model(model_name=../models/classification_model, platform=None, authentication=None, verbose=True)
2024-03-28 11:36:51,792:INFO:Initializing load_model()
2024-03-28 11:36:51,792:INFO:load_model(model_name=../models/regression_model, platform=None, authentication=None, verbose=True)
2024-03-28 11:47:22,284:WARNING:
'cuml' is a soft dependency and not included in the pycaret installation. Please run: `pip install cuml` to install.
2024-03-28 11:47:22,285:WARNING:
'cuml' is a soft dependency and not included in the pycaret installation. Please run: `pip install cuml` to install.
2024-03-28 11:47:22,285:WARNING:
'cuml' is a soft dependency and not included in the pycaret installation. Please run: `pip install cuml` to install.
2024-03-28 11:47:22,285:WARNING:
'cuml' is a soft dependency and not included in the pycaret installation. Please run: `pip install cuml` to install.
2024-03-28 11:47:22,769:INFO:Initializing load_model()
2024-03-28 11:47:22,769:INFO:load_model(model_name=../models/classification_model, platform=None, authentication=None, verbose=True)
2024-03-28 11:47:22,810:INFO:Initializing load_model()
2024-03-28 11:47:22,810:INFO:load_model(model_name=../models/regression_model, platform=None, authentication=None, verbose=True)
2024-03-28 13:12:18,596:WARNING:
'cuml' is a soft dependency and not included in the pycaret installation. Please run: `pip install cuml` to install.
2024-03-28 13:12:18,599:WARNING:
'cuml' is a soft dependency and not included in the pycaret installation. Please run: `pip install cuml` to install.
2024-03-28 13:12:18,599:WARNING:
'cuml' is a soft dependency and not included in the pycaret installation. Please run: `pip install cuml` to install.
2024-03-28 13:12:18,599:WARNING:
'cuml' is a soft dependency and not included in the pycaret installation. Please run: `pip install cuml` to install.
2024-03-28 13:12:19,036:INFO:Initializing load_model()
2024-03-28 13:12:19,036:INFO:load_model(model_name=../models/classification_model, platform=None, authentication=None, verbose=True)
2024-03-28 13:12:19,089:INFO:Initializing load_model()
2024-03-28 13:12:19,089:INFO:load_model(model_name=../models/regression_model, platform=None, authentication=None, verbose=True)
2024-03-28 13:13:58,586:WARNING:
'cuml' is a soft dependency and not included in the pycaret installation. Please run: `pip install cuml` to install.
2024-03-28 13:13:58,595:WARNING:
'cuml' is a soft dependency and not included in the pycaret installation. Please run: `pip install cuml` to install.
2024-03-28 13:13:58,596:WARNING:
'cuml' is a soft dependency and not included in the pycaret installation. Please run: `pip install cuml` to install.
2024-03-28 13:13:58,596:WARNING:
'cuml' is a soft dependency and not included in the pycaret installation. Please run: `pip install cuml` to install.
2024-03-28 13:13:59,014:INFO:Initializing load_model()
2024-03-28 13:13:59,014:INFO:load_model(model_name=../models/classification_model, platform=None, authentication=None, verbose=True)
2024-03-28 13:13:59,080:INFO:Initializing load_model()
2024-03-28 13:13:59,081:INFO:load_model(model_name=../models/regression_model, platform=None, authentication=None, verbose=True)
2024-03-28 13:18:32,803:WARNING:
'cuml' is a soft dependency and not included in the pycaret installation. Please run: `pip install cuml` to install.
2024-03-28 13:18:32,804:WARNING:
'cuml' is a soft dependency and not included in the pycaret installation. Please run: `pip install cuml` to install.
2024-03-28 13:18:32,804:WARNING:
'cuml' is a soft dependency and not included in the pycaret installation. Please run: `pip install cuml` to install.
2024-03-28 13:18:32,804:WARNING:
'cuml' is a soft dependency and not included in the pycaret installation. Please run: `pip install cuml` to install.
2024-03-28 13:18:33,277:INFO:Initializing load_model()
2024-03-28 13:18:33,277:INFO:load_model(model_name=../models/classification_model, platform=None, authentication=None, verbose=True)
2024-03-28 13:18:33,312:INFO:Initializing load_model()
2024-03-28 13:18:33,312:INFO:load_model(model_name=../models/regression_model, platform=None, authentication=None, verbose=True)
2024-03-28 13:18:39,157:WARNING:
'cuml' is a soft dependency and not included in the pycaret installation. Please run: `pip install cuml` to install.
2024-03-28 13:18:39,158:WARNING:
'cuml' is a soft dependency and not included in the pycaret installation. Please run: `pip install cuml` to install.
2024-03-28 13:18:39,158:WARNING:
'cuml' is a soft dependency and not included in the pycaret installation. Please run: `pip install cuml` to install.
2024-03-28 13:18:39,158:WARNING:
'cuml' is a soft dependency and not included in the pycaret installation. Please run: `pip install cuml` to install.
2024-03-28 13:18:39,575:INFO:Initializing load_model()
2024-03-28 13:18:39,576:INFO:load_model(model_name=../models/classification_model, platform=None, authentication=None, verbose=True)
2024-03-28 13:18:39,608:INFO:Initializing load_model()
2024-03-28 13:18:39,608:INFO:load_model(model_name=../models/regression_model, platform=None, authentication=None, verbose=True)
2024-03-28 13:29:28,495:WARNING:
'cuml' is a soft dependency and not included in the pycaret installation. Please run: `pip install cuml` to install.
2024-03-28 13:29:28,495:WARNING:
'cuml' is a soft dependency and not included in the pycaret installation. Please run: `pip install cuml` to install.
2024-03-28 13:29:28,495:WARNING:
'cuml' is a soft dependency and not included in the pycaret installation. Please run: `pip install cuml` to install.
2024-03-28 13:29:28,496:WARNING:
'cuml' is a soft dependency and not included in the pycaret installation. Please run: `pip install cuml` to install.
2024-03-28 13:29:28,866:INFO:Initializing load_model()
2024-03-28 13:29:28,866:INFO:load_model(model_name=../models/classification_model, platform=None, authentication=None, verbose=True)
2024-03-28 13:29:28,896:INFO:Initializing load_model()
2024-03-28 13:29:28,896:INFO:load_model(model_name=../models/regression_model, platform=None, authentication=None, verbose=True)
2024-03-28 13:31:38,286:WARNING:
'cuml' is a soft dependency and not included in the pycaret installation. Please run: `pip install cuml` to install.
2024-03-28 13:31:38,287:WARNING:
'cuml' is a soft dependency and not included in the pycaret installation. Please run: `pip install cuml` to install.
2024-03-28 13:31:38,287:WARNING:
'cuml' is a soft dependency and not included in the pycaret installation. Please run: `pip install cuml` to install.
2024-03-28 13:31:38,287:WARNING:
'cuml' is a soft dependency and not included in the pycaret installation. Please run: `pip install cuml` to install.
2024-03-28 13:31:38,658:INFO:Initializing load_model()
2024-03-28 13:31:38,658:INFO:load_model(model_name=../models/classification_model, platform=None, authentication=None, verbose=True)
2024-03-28 13:31:38,689:INFO:Initializing load_model()
2024-03-28 13:31:38,689:INFO:load_model(model_name=../models/regression_model, platform=None, authentication=None, verbose=True)
2024-03-28 13:51:14,390:WARNING:
'cuml' is a soft dependency and not included in the pycaret installation. Please run: `pip install cuml` to install.
2024-03-28 13:51:14,390:WARNING:
'cuml' is a soft dependency and not included in the pycaret installation. Please run: `pip install cuml` to install.
2024-03-28 13:51:14,390:WARNING:
'cuml' is a soft dependency and not included in the pycaret installation. Please run: `pip install cuml` to install.
2024-03-28 13:51:14,390:WARNING:
'cuml' is a soft dependency and not included in the pycaret installation. Please run: `pip install cuml` to install.
2024-03-28 13:51:14,864:INFO:Initializing load_model()
2024-03-28 13:51:14,864:INFO:load_model(model_name=../models/classification_model, platform=None, authentication=None, verbose=True)
2024-03-28 13:51:14,940:INFO:Initializing load_model()
2024-03-28 13:51:14,940:INFO:load_model(model_name=../models/regression_model, platform=None, authentication=None, verbose=True)
2024-03-28 13:54:47,795:WARNING:
'cuml' is a soft dependency and not included in the pycaret installation. Please run: `pip install cuml` to install.
2024-03-28 13:54:47,795:WARNING:
'cuml' is a soft dependency and not included in the pycaret installation. Please run: `pip install cuml` to install.
2024-03-28 13:54:47,795:WARNING:
'cuml' is a soft dependency and not included in the pycaret installation. Please run: `pip install cuml` to install.
2024-03-28 13:54:47,795:WARNING:
'cuml' is a soft dependency and not included in the pycaret installation. Please run: `pip install cuml` to install.
2024-03-28 13:54:48,261:INFO:Initializing load_model()
2024-03-28 13:54:48,261:INFO:load_model(model_name=../models/classification_model, platform=None, authentication=None, verbose=True)
2024-03-28 13:54:48,293:INFO:Initializing load_model()
2024-03-28 13:54:48,293:INFO:load_model(model_name=../models/regression_model, platform=None, authentication=None, verbose=True)
2024-03-28 13:56:10,166:WARNING:
'cuml' is a soft dependency and not included in the pycaret installation. Please run: `pip install cuml` to install.
2024-03-28 13:56:10,166:WARNING:
'cuml' is a soft dependency and not included in the pycaret installation. Please run: `pip install cuml` to install.
2024-03-28 13:56:10,167:WARNING:
'cuml' is a soft dependency and not included in the pycaret installation. Please run: `pip install cuml` to install.
2024-03-28 13:56:10,167:WARNING:
'cuml' is a soft dependency and not included in the pycaret installation. Please run: `pip install cuml` to install.
2024-03-28 13:56:10,772:INFO:Initializing load_model()
2024-03-28 13:56:10,772:INFO:load_model(model_name=../models/classification_model, platform=None, authentication=None, verbose=True)
2024-03-28 13:56:10,886:INFO:Initializing load_model()
2024-03-28 13:56:10,886:INFO:load_model(model_name=../models/regression_model, platform=None, authentication=None, verbose=True)
2024-03-28 13:59:11,402:WARNING:
'cuml' is a soft dependency and not included in the pycaret installation. Please run: `pip install cuml` to install.
2024-03-28 13:59:11,403:WARNING:
'cuml' is a soft dependency and not included in the pycaret installation. Please run: `pip install cuml` to install.
2024-03-28 13:59:11,403:WARNING:
'cuml' is a soft dependency and not included in the pycaret installation. Please run: `pip install cuml` to install.
2024-03-28 13:59:11,403:WARNING:
'cuml' is a soft dependency and not included in the pycaret installation. Please run: `pip install cuml` to install.
2024-03-28 13:59:11,959:INFO:Initializing load_model()
2024-03-28 13:59:11,960:INFO:load_model(model_name=../models/classification_model, platform=None, authentication=None, verbose=True)
2024-03-28 13:59:12,062:INFO:Initializing load_model()
2024-03-28 13:59:12,062:INFO:load_model(model_name=../models/regression_model, platform=None, authentication=None, verbose=True)
2024-03-28 14:01:27,227:WARNING:
'cuml' is a soft dependency and not included in the pycaret installation. Please run: `pip install cuml` to install.
2024-03-28 14:01:27,228:WARNING:
'cuml' is a soft dependency and not included in the pycaret installation. Please run: `pip install cuml` to install.
2024-03-28 14:01:27,228:WARNING:
'cuml' is a soft dependency and not included in the pycaret installation. Please run: `pip install cuml` to install.
2024-03-28 14:01:27,228:WARNING:
'cuml' is a soft dependency and not included in the pycaret installation. Please run: `pip install cuml` to install.
2024-03-28 14:01:27,662:INFO:Initializing load_model()
2024-03-28 14:01:27,662:INFO:load_model(model_name=../models/classification_model, platform=None, authentication=None, verbose=True)
2024-03-28 14:01:27,737:INFO:Initializing load_model()
2024-03-28 14:01:27,737:INFO:load_model(model_name=../models/regression_model, platform=None, authentication=None, verbose=True)
2024-03-28 14:04:25,023:WARNING:
'cuml' is a soft dependency and not included in the pycaret installation. Please run: `pip install cuml` to install.
2024-03-28 14:04:25,024:WARNING:
'cuml' is a soft dependency and not included in the pycaret installation. Please run: `pip install cuml` to install.
2024-03-28 14:04:25,024:WARNING:
'cuml' is a soft dependency and not included in the pycaret installation. Please run: `pip install cuml` to install.
2024-03-28 14:04:25,024:WARNING:
'cuml' is a soft dependency and not included in the pycaret installation. Please run: `pip install cuml` to install.
2024-03-28 14:04:25,519:INFO:Initializing load_model()
2024-03-28 14:04:25,519:INFO:load_model(model_name=../models/classification_model, platform=None, authentication=None, verbose=True)
2024-03-28 14:04:25,580:INFO:Initializing load_model()
2024-03-28 14:04:25,581:INFO:load_model(model_name=../models/regression_model, platform=None, authentication=None, verbose=True)
2024-03-28 14:06:26,770:WARNING:
'cuml' is a soft dependency and not included in the pycaret installation. Please run: `pip install cuml` to install.
2024-03-28 14:06:26,771:WARNING:
'cuml' is a soft dependency and not included in the pycaret installation. Please run: `pip install cuml` to install.
2024-03-28 14:06:26,771:WARNING:
'cuml' is a soft dependency and not included in the pycaret installation. Please run: `pip install cuml` to install.
2024-03-28 14:06:26,771:WARNING:
'cuml' is a soft dependency and not included in the pycaret installation. Please run: `pip install cuml` to install.
2024-03-28 14:06:27,296:INFO:Initializing load_model()
2024-03-28 14:06:27,296:INFO:load_model(model_name=../models/classification_model, platform=None, authentication=None, verbose=True)
2024-03-28 14:06:27,395:INFO:Initializing load_model()
2024-03-28 14:06:27,398:INFO:load_model(model_name=../models/regression_model, platform=None, authentication=None, verbose=True)
2024-03-28 14:12:55,328:WARNING:
'cuml' is a soft dependency and not included in the pycaret installation. Please run: `pip install cuml` to install.
2024-03-28 14:12:55,329:WARNING:
'cuml' is a soft dependency and not included in the pycaret installation. Please run: `pip install cuml` to install.
2024-03-28 14:12:55,329:WARNING:
'cuml' is a soft dependency and not included in the pycaret installation. Please run: `pip install cuml` to install.
2024-03-28 14:12:55,329:WARNING:
'cuml' is a soft dependency and not included in the pycaret installation. Please run: `pip install cuml` to install.
2024-03-28 14:12:55,778:INFO:Initializing load_model()
2024-03-28 14:12:55,779:INFO:load_model(model_name=../models/classification_model, platform=None, authentication=None, verbose=True)
2024-03-28 14:12:55,829:INFO:Initializing load_model()
2024-03-28 14:12:55,829:INFO:load_model(model_name=../models/regression_model, platform=None, authentication=None, verbose=True)
2024-03-28 14:16:52,998:WARNING:
'cuml' is a soft dependency and not included in the pycaret installation. Please run: `pip install cuml` to install.
2024-03-28 14:16:52,998:WARNING:
'cuml' is a soft dependency and not included in the pycaret installation. Please run: `pip install cuml` to install.
2024-03-28 14:16:52,998:WARNING:
'cuml' is a soft dependency and not included in the pycaret installation. Please run: `pip install cuml` to install.
2024-03-28 14:16:52,998:WARNING:
'cuml' is a soft dependency and not included in the pycaret installation. Please run: `pip install cuml` to install.
2024-03-28 14:16:53,457:INFO:Initializing load_model()
2024-03-28 14:16:53,457:INFO:load_model(model_name=../models/classification_model, platform=None, authentication=None, verbose=True)
2024-03-28 14:16:53,564:INFO:Initializing load_model()
2024-03-28 14:16:53,564:INFO:load_model(model_name=../models/regression_model, platform=None, authentication=None, verbose=True)
2024-03-28 14:19:01,437:WARNING:
'cuml' is a soft dependency and not included in the pycaret installation. Please run: `pip install cuml` to install.
2024-03-28 14:19:01,438:WARNING:
'cuml' is a soft dependency and not included in the pycaret installation. Please run: `pip install cuml` to install.
2024-03-28 14:19:01,438:WARNING:
'cuml' is a soft dependency and not included in the pycaret installation. Please run: `pip install cuml` to install.
2024-03-28 14:19:01,438:WARNING:
'cuml' is a soft dependency and not included in the pycaret installation. Please run: `pip install cuml` to install.
2024-03-28 14:19:01,960:INFO:Initializing load_model()
2024-03-28 14:19:01,962:INFO:load_model(model_name=../models/classification_model, platform=None, authentication=None, verbose=True)
2024-03-28 14:19:02,072:INFO:Initializing load_model()
2024-03-28 14:19:02,072:INFO:load_model(model_name=../models/regression_model, platform=None, authentication=None, verbose=True)
2024-03-28 14:19:30,704:WARNING:
'cuml' is a soft dependency and not included in the pycaret installation. Please run: `pip install cuml` to install.
2024-03-28 14:19:30,705:WARNING:
'cuml' is a soft dependency and not included in the pycaret installation. Please run: `pip install cuml` to install.
2024-03-28 14:19:30,705:WARNING:
'cuml' is a soft dependency and not included in the pycaret installation. Please run: `pip install cuml` to install.
2024-03-28 14:19:30,705:WARNING:
'cuml' is a soft dependency and not included in the pycaret installation. Please run: `pip install cuml` to install.
2024-03-28 14:19:31,133:INFO:Initializing load_model()
2024-03-28 14:19:31,134:INFO:load_model(model_name=../models/classification_model, platform=None, authentication=None, verbose=True)
2024-03-28 14:19:31,189:INFO:Initializing load_model()
2024-03-28 14:19:31,190:INFO:load_model(model_name=../models/regression_model, platform=None, authentication=None, verbose=True)
2024-03-28 14:20:52,780:WARNING:
'cuml' is a soft dependency and not included in the pycaret installation. Please run: `pip install cuml` to install.
2024-03-28 14:20:52,781:WARNING:
'cuml' is a soft dependency and not included in the pycaret installation. Please run: `pip install cuml` to install.
2024-03-28 14:20:52,781:WARNING:
'cuml' is a soft dependency and not included in the pycaret installation. Please run: `pip install cuml` to install.
2024-03-28 14:20:52,781:WARNING:
'cuml' is a soft dependency and not included in the pycaret installation. Please run: `pip install cuml` to install.
2024-03-28 14:20:53,330:INFO:Initializing load_model()
2024-03-28 14:20:53,331:INFO:load_model(model_name=../models/classification_model, platform=None, authentication=None, verbose=True)
2024-03-28 14:20:53,419:INFO:Initializing load_model()
2024-03-28 14:20:53,420:INFO:load_model(model_name=../models/regression_model, platform=None, authentication=None, verbose=True)
2024-03-28 14:21:06,423:WARNING:
'cuml' is a soft dependency and not included in the pycaret installation. Please run: `pip install cuml` to install.
2024-03-28 14:21:06,423:WARNING:
'cuml' is a soft dependency and not included in the pycaret installation. Please run: `pip install cuml` to install.
2024-03-28 14:21:06,423:WARNING:
'cuml' is a soft dependency and not included in the pycaret installation. Please run: `pip install cuml` to install.
2024-03-28 14:21:06,423:WARNING:
'cuml' is a soft dependency and not included in the pycaret installation. Please run: `pip install cuml` to install.
2024-03-28 14:21:06,814:INFO:Initializing load_model()
2024-03-28 14:21:06,814:INFO:load_model(model_name=../models/classification_model, platform=None, authentication=None, verbose=True)
2024-03-28 14:21:06,860:INFO:Initializing load_model()
2024-03-28 14:21:06,860:INFO:load_model(model_name=../models/regression_model, platform=None, authentication=None, verbose=True)
2024-03-28 14:21:44,312:WARNING:
'cuml' is a soft dependency and not included in the pycaret installation. Please run: `pip install cuml` to install.
2024-03-28 14:21:44,313:WARNING:
'cuml' is a soft dependency and not included in the pycaret installation. Please run: `pip install cuml` to install.
2024-03-28 14:21:44,313:WARNING:
'cuml' is a soft dependency and not included in the pycaret installation. Please run: `pip install cuml` to install.
2024-03-28 14:21:44,313:WARNING:
'cuml' is a soft dependency and not included in the pycaret installation. Please run: `pip install cuml` to install.
2024-03-28 14:21:44,796:INFO:Initializing load_model()
2024-03-28 14:21:44,796:INFO:load_model(model_name=../models/classification_model, platform=None, authentication=None, verbose=True)
2024-03-28 14:21:44,958:INFO:Initializing load_model()
2024-03-28 14:21:44,959:INFO:load_model(model_name=../models/regression_model, platform=None, authentication=None, verbose=True)
2024-03-28 14:21:59,277:WARNING:
'cuml' is a soft dependency and not included in the pycaret installation. Please run: `pip install cuml` to install.
2024-03-28 14:21:59,278:WARNING:
'cuml' is a soft dependency and not included in the pycaret installation. Please run: `pip install cuml` to install.
2024-03-28 14:21:59,278:WARNING:
'cuml' is a soft dependency and not included in the pycaret installation. Please run: `pip install cuml` to install.
2024-03-28 14:21:59,278:WARNING:
'cuml' is a soft dependency and not included in the pycaret installation. Please run: `pip install cuml` to install.
2024-03-28 14:21:59,711:INFO:Initializing load_model()
2024-03-28 14:21:59,712:INFO:load_model(model_name=../models/classification_model, platform=None, authentication=None, verbose=True)
2024-03-28 14:21:59,764:INFO:Initializing load_model()
2024-03-28 14:21:59,764:INFO:load_model(model_name=../models/regression_model, platform=None, authentication=None, verbose=True)
2024-03-28 14:28:21,556:WARNING:
'cuml' is a soft dependency and not included in the pycaret installation. Please run: `pip install cuml` to install.
2024-03-28 14:28:21,557:WARNING:
'cuml' is a soft dependency and not included in the pycaret installation. Please run: `pip install cuml` to install.
2024-03-28 14:28:21,557:WARNING:
'cuml' is a soft dependency and not included in the pycaret installation. Please run: `pip install cuml` to install.
2024-03-28 14:28:21,557:WARNING:
'cuml' is a soft dependency and not included in the pycaret installation. Please run: `pip install cuml` to install.
2024-03-28 14:28:22,080:INFO:Initializing load_model()
2024-03-28 14:28:22,080:INFO:load_model(model_name=../models/classification_model, platform=None, authentication=None, verbose=True)
2024-03-28 14:28:22,116:INFO:Initializing load_model()
2024-03-28 14:28:22,116:INFO:load_model(model_name=../models/regression_model, platform=None, authentication=None, verbose=True)
2024-03-28 14:30:05,546:WARNING:
'cuml' is a soft dependency and not included in the pycaret installation. Please run: `pip install cuml` to install.
2024-03-28 14:30:05,546:WARNING:
'cuml' is a soft dependency and not included in the pycaret installation. Please run: `pip install cuml` to install.
2024-03-28 14:30:05,546:WARNING:
'cuml' is a soft dependency and not included in the pycaret installation. Please run: `pip install cuml` to install.
2024-03-28 14:30:05,546:WARNING:
'cuml' is a soft dependency and not included in the pycaret installation. Please run: `pip install cuml` to install.
2024-03-28 14:30:05,915:INFO:Initializing load_model()
2024-03-28 14:30:05,915:INFO:load_model(model_name=../models/classification_model, platform=None, authentication=None, verbose=True)
2024-03-28 14:30:05,945:INFO:Initializing load_model()
2024-03-28 14:30:05,945:INFO:load_model(model_name=../models/regression_model, platform=None, authentication=None, verbose=True)
2024-03-28 14:33:52,107:WARNING:
'cuml' is a soft dependency and not included in the pycaret installation. Please run: `pip install cuml` to install.
2024-03-28 14:33:52,108:WARNING:
'cuml' is a soft dependency and not included in the pycaret installation. Please run: `pip install cuml` to install.
2024-03-28 14:33:52,108:WARNING:
'cuml' is a soft dependency and not included in the pycaret installation. Please run: `pip install cuml` to install.
2024-03-28 14:33:52,108:WARNING:
'cuml' is a soft dependency and not included in the pycaret installation. Please run: `pip install cuml` to install.
2024-03-28 14:33:52,553:INFO:Initializing load_model()
2024-03-28 14:33:52,553:INFO:load_model(model_name=../models/classification_model, platform=None, authentication=None, verbose=True)
2024-03-28 14:33:52,595:INFO:Initializing load_model()
2024-03-28 14:33:52,595:INFO:load_model(model_name=../models/regression_model, platform=None, authentication=None, verbose=True)
2024-03-28 14:38:45,047:WARNING:
'cuml' is a soft dependency and not included in the pycaret installation. Please run: `pip install cuml` to install.
2024-03-28 14:38:45,047:WARNING:
'cuml' is a soft dependency and not included in the pycaret installation. Please run: `pip install cuml` to install.
2024-03-28 14:38:45,048:WARNING:
'cuml' is a soft dependency and not included in the pycaret installation. Please run: `pip install cuml` to install.
2024-03-28 14:38:45,048:WARNING:
'cuml' is a soft dependency and not included in the pycaret installation. Please run: `pip install cuml` to install.
2024-03-28 14:38:45,496:INFO:Initializing load_model()
2024-03-28 14:38:45,496:INFO:load_model(model_name=../models/classification_model, platform=None, authentication=None, verbose=True)
2024-03-28 14:38:45,548:INFO:Initializing load_model()
2024-03-28 14:38:45,548:INFO:load_model(model_name=../models/regression_model, platform=None, authentication=None, verbose=True)
2024-03-28 14:41:05,701:WARNING:
'cuml' is a soft dependency and not included in the pycaret installation. Please run: `pip install cuml` to install.
2024-03-28 14:41:05,702:WARNING:
'cuml' is a soft dependency and not included in the pycaret installation. Please run: `pip install cuml` to install.
2024-03-28 14:41:05,702:WARNING:
'cuml' is a soft dependency and not included in the pycaret installation. Please run: `pip install cuml` to install.
2024-03-28 14:41:05,702:WARNING:
'cuml' is a soft dependency and not included in the pycaret installation. Please run: `pip install cuml` to install.
2024-03-28 14:41:06,250:INFO:Initializing load_model()
2024-03-28 14:41:06,251:INFO:load_model(model_name=../models/classification_model, platform=None, authentication=None, verbose=True)
2024-03-28 14:41:06,355:INFO:Initializing load_model()
2024-03-28 14:41:06,356:INFO:load_model(model_name=../models/regression_model, platform=None, authentication=None, verbose=True)
2024-03-28 14:41:48,709:WARNING:
'cuml' is a soft dependency and not included in the pycaret installation. Please run: `pip install cuml` to install.
2024-03-28 14:41:48,710:WARNING:
'cuml' is a soft dependency and not included in the pycaret installation. Please run: `pip install cuml` to install.
2024-03-28 14:41:48,710:WARNING:
'cuml' is a soft dependency and not included in the pycaret installation. Please run: `pip install cuml` to install.
2024-03-28 14:41:48,710:WARNING:
'cuml' is a soft dependency and not included in the pycaret installation. Please run: `pip install cuml` to install.
2024-03-28 14:41:49,230:INFO:Initializing load_model()
2024-03-28 14:41:49,231:INFO:load_model(model_name=../models/classification_model, platform=None, authentication=None, verbose=True)
2024-03-28 14:41:49,331:INFO:Initializing load_model()
2024-03-28 14:41:49,331:INFO:load_model(model_name=../models/regression_model, platform=None, authentication=None, verbose=True)
2024-03-28 14:44:07,045:WARNING:
'cuml' is a soft dependency and not included in the pycaret installation. Please run: `pip install cuml` to install.
2024-03-28 14:44:07,046:WARNING:
'cuml' is a soft dependency and not included in the pycaret installation. Please run: `pip install cuml` to install.
2024-03-28 14:44:07,046:WARNING:
'cuml' is a soft dependency and not included in the pycaret installation. Please run: `pip install cuml` to install.
2024-03-28 14:44:07,046:WARNING:
'cuml' is a soft dependency and not included in the pycaret installation. Please run: `pip install cuml` to install.
2024-03-28 14:44:07,650:INFO:Initializing load_model()
2024-03-28 14:44:07,650:INFO:load_model(model_name=../models/classification_model, platform=None, authentication=None, verbose=True)
2024-03-28 14:44:07,761:INFO:Initializing load_model()
2024-03-28 14:44:07,762:INFO:load_model(model_name=../models/regression_model, platform=None, authentication=None, verbose=True)
2024-03-28 14:46:07,997:WARNING:
'cuml' is a soft dependency and not included in the pycaret installation. Please run: `pip install cuml` to install.
2024-03-28 14:46:07,997:WARNING:
'cuml' is a soft dependency and not included in the pycaret installation. Please run: `pip install cuml` to install.
2024-03-28 14:46:07,998:WARNING:
'cuml' is a soft dependency and not included in the pycaret installation. Please run: `pip install cuml` to install.
2024-03-28 14:46:07,998:WARNING:
'cuml' is a soft dependency and not included in the pycaret installation. Please run: `pip install cuml` to install.
2024-03-28 14:46:08,556:INFO:Initializing load_model()
2024-03-28 14:46:08,557:INFO:load_model(model_name=../models/classification_model, platform=None, authentication=None, verbose=True)
2024-03-28 14:46:08,660:INFO:Initializing load_model()
2024-03-28 14:46:08,660:INFO:load_model(model_name=../models/regression_model, platform=None, authentication=None, verbose=True)
2024-03-28 14:47:34,936:WARNING:
'cuml' is a soft dependency and not included in the pycaret installation. Please run: `pip install cuml` to install.
2024-03-28 14:47:34,936:WARNING:
'cuml' is a soft dependency and not included in the pycaret installation. Please run: `pip install cuml` to install.
2024-03-28 14:47:34,936:WARNING:
'cuml' is a soft dependency and not included in the pycaret installation. Please run: `pip install cuml` to install.
2024-03-28 14:47:34,936:WARNING:
'cuml' is a soft dependency and not included in the pycaret installation. Please run: `pip install cuml` to install.
2024-03-28 14:47:35,566:INFO:Initializing load_model()
2024-03-28 14:47:35,567:INFO:load_model(model_name=../models/classification_model, platform=None, authentication=None, verbose=True)
2024-03-28 14:47:35,719:INFO:Initializing load_model()
2024-03-28 14:47:35,721:INFO:load_model(model_name=../models/regression_model, platform=None, authentication=None, verbose=True)
2024-03-28 14:47:59,503:WARNING:
'cuml' is a soft dependency and not included in the pycaret installation. Please run: `pip install cuml` to install.
2024-03-28 14:47:59,503:WARNING:
'cuml' is a soft dependency and not included in the pycaret installation. Please run: `pip install cuml` to install.
2024-03-28 14:47:59,503:WARNING:
'cuml' is a soft dependency and not included in the pycaret installation. Please run: `pip install cuml` to install.
2024-03-28 14:47:59,503:WARNING:
'cuml' is a soft dependency and not included in the pycaret installation. Please run: `pip install cuml` to install.
2024-03-28 14:47:59,892:INFO:Initializing load_model()
2024-03-28 14:47:59,892:INFO:load_model(model_name=../models/classification_model, platform=None, authentication=None, verbose=True)
2024-03-28 14:47:59,937:INFO:Initializing load_model()
2024-03-28 14:47:59,937:INFO:load_model(model_name=../models/regression_model, platform=None, authentication=None, verbose=True)
2024-03-28 14:50:29,331:WARNING:
'cuml' is a soft dependency and not included in the pycaret installation. Please run: `pip install cuml` to install.
2024-03-28 14:50:29,331:WARNING:
'cuml' is a soft dependency and not included in the pycaret installation. Please run: `pip install cuml` to install.
2024-03-28 14:50:29,332:WARNING:
'cuml' is a soft dependency and not included in the pycaret installation. Please run: `pip install cuml` to install.
2024-03-28 14:50:29,332:WARNING:
'cuml' is a soft dependency and not included in the pycaret installation. Please run: `pip install cuml` to install.
2024-03-28 14:50:29,735:INFO:Initializing load_model()
2024-03-28 14:50:29,735:INFO:load_model(model_name=../models/classification_model, platform=None, authentication=None, verbose=True)
2024-03-28 14:50:29,782:INFO:Initializing load_model()
2024-03-28 14:50:29,782:INFO:load_model(model_name=../models/regression_model, platform=None, authentication=None, verbose=True)
2024-03-28 14:57:51,413:WARNING:
'cuml' is a soft dependency and not included in the pycaret installation. Please run: `pip install cuml` to install.
2024-03-28 14:57:51,414:WARNING:
'cuml' is a soft dependency and not included in the pycaret installation. Please run: `pip install cuml` to install.
2024-03-28 14:57:51,414:WARNING:
'cuml' is a soft dependency and not included in the pycaret installation. Please run: `pip install cuml` to install.
2024-03-28 14:57:51,414:WARNING:
'cuml' is a soft dependency and not included in the pycaret installation. Please run: `pip install cuml` to install.
2024-03-28 14:57:51,829:INFO:Initializing load_model()
2024-03-28 14:57:51,831:INFO:load_model(model_name=../models/classification_model, platform=None, authentication=None, verbose=True)
2024-03-28 14:57:51,932:INFO:Initializing load_model()
2024-03-28 14:57:51,932:INFO:load_model(model_name=../models/regression_model, platform=None, authentication=None, verbose=True)
2024-03-28 14:59:11,534:WARNING:
'cuml' is a soft dependency and not included in the pycaret installation. Please run: `pip install cuml` to install.
2024-03-28 14:59:11,535:WARNING:
'cuml' is a soft dependency and not included in the pycaret installation. Please run: `pip install cuml` to install.
2024-03-28 14:59:11,535:WARNING:
'cuml' is a soft dependency and not included in the pycaret installation. Please run: `pip install cuml` to install.
2024-03-28 14:59:11,535:WARNING:
'cuml' is a soft dependency and not included in the pycaret installation. Please run: `pip install cuml` to install.
2024-03-28 14:59:12,040:INFO:Initializing load_model()
2024-03-28 14:59:12,042:INFO:load_model(model_name=../models/classification_model, platform=None, authentication=None, verbose=True)
2024-03-28 14:59:12,196:INFO:Initializing load_model()
2024-03-28 14:59:12,197:INFO:load_model(model_name=../models/regression_model, platform=None, authentication=None, verbose=True)
