2024-03-27 16:12:26,844:WARNING:
'cuml' is a soft dependency and not included in the pycaret installation. Please run: `pip install cuml` to install.
2024-03-27 16:12:26,844:WARNING:
'cuml' is a soft dependency and not included in the pycaret installation. Please run: `pip install cuml` to install.
2024-03-27 16:12:26,844:WARNING:
'cuml' is a soft dependency and not included in the pycaret installation. Please run: `pip install cuml` to install.
2024-03-27 16:12:26,844:WARNING:
'cuml' is a soft dependency and not included in the pycaret installation. Please run: `pip install cuml` to install.
2024-03-27 16:12:27,003:INFO:PyCaret RegressionExperiment
2024-03-27 16:12:27,003:INFO:Logging name: reg-default-name
2024-03-27 16:12:27,003:INFO:ML Usecase: MLUsecase.REGRESSION
2024-03-27 16:12:27,003:INFO:version 3.3.0
2024-03-27 16:12:27,003:INFO:Initializing setup()
2024-03-27 16:12:27,003:INFO:self.USI: 6ace
2024-03-27 16:12:27,003:INFO:self._variable_keys: {'memory', 'X_test', 'exp_id', 'y_train', 'fold_shuffle_param', 'idx', 'n_jobs_param', 'gpu_n_jobs_param', 'fold_generator', 'pipeline', 'log_plots_param', '_ml_usecase', 'X_train', 'transform_target_param', 'USI', 'logging_param', 'gpu_param', 'y_test', '_available_plots', 'data', 'html_param', 'y', 'X', 'fold_groups_param', 'exp_name_log', 'seed', 'target_param'}
2024-03-27 16:12:27,003:INFO:Checking environment
2024-03-27 16:12:27,003:INFO:python_version: 3.11.3
2024-03-27 16:12:27,003:INFO:python_build: ('v3.11.3:f3909b8bc8', 'Apr  4 2023 20:12:10')
2024-03-27 16:12:27,003:INFO:machine: arm64
2024-03-27 16:12:27,016:INFO:platform: macOS-14.2-arm64-arm-64bit
2024-03-27 16:12:27,017:INFO:Memory: svmem(total=17179869184, available=4848746496, percent=71.8, used=6186401792, free=508280832, active=4346101760, inactive=4281368576, wired=1840300032)
2024-03-27 16:12:27,017:INFO:Physical Core: 8
2024-03-27 16:12:27,017:INFO:Logical Core: 8
2024-03-27 16:12:27,017:INFO:Checking libraries
2024-03-27 16:12:27,017:INFO:System:
2024-03-27 16:12:27,017:INFO:    python: 3.11.3 (v3.11.3:f3909b8bc8, Apr  4 2023, 20:12:10) [Clang 13.0.0 (clang-1300.0.29.30)]
2024-03-27 16:12:27,017:INFO:executable: /Users/aghauss/Library/Caches/pypoetry/virtualenvs/playwright-trial-i2UQKaLD-py3.11/bin/python
2024-03-27 16:12:27,017:INFO:   machine: macOS-14.2-arm64-arm-64bit
2024-03-27 16:12:27,017:INFO:PyCaret required dependencies:
2024-03-27 16:12:27,031:INFO:                 pip: 24.0
2024-03-27 16:12:27,031:INFO:          setuptools: 69.2.0
2024-03-27 16:12:27,031:INFO:             pycaret: 3.3.0
2024-03-27 16:12:27,031:INFO:             IPython: 8.18.1
2024-03-27 16:12:27,031:INFO:          ipywidgets: 8.1.2
2024-03-27 16:12:27,031:INFO:                tqdm: 4.66.2
2024-03-27 16:12:27,031:INFO:               numpy: 1.26.4
2024-03-27 16:12:27,031:INFO:              pandas: 2.0.3
2024-03-27 16:12:27,031:INFO:              jinja2: 3.1.3
2024-03-27 16:12:27,031:INFO:               scipy: 1.11.4
2024-03-27 16:12:27,031:INFO:              joblib: 1.3.2
2024-03-27 16:12:27,031:INFO:             sklearn: 1.4.1.post1
2024-03-27 16:12:27,031:INFO:                pyod: 1.1.3
2024-03-27 16:12:27,031:INFO:            imblearn: 0.12.0
2024-03-27 16:12:27,031:INFO:   category_encoders: 2.6.3
2024-03-27 16:12:27,031:INFO:            lightgbm: 4.3.0
2024-03-27 16:12:27,031:INFO:               numba: 0.59.1
2024-03-27 16:12:27,031:INFO:            requests: 2.31.0
2024-03-27 16:12:27,031:INFO:          matplotlib: 3.7.5
2024-03-27 16:12:27,031:INFO:          scikitplot: 0.3.7
2024-03-27 16:12:27,031:INFO:         yellowbrick: 1.5
2024-03-27 16:12:27,031:INFO:              plotly: 5.20.0
2024-03-27 16:12:27,031:INFO:    plotly-resampler: Not installed
2024-03-27 16:12:27,031:INFO:             kaleido: 0.2.1
2024-03-27 16:12:27,031:INFO:           schemdraw: 0.15
2024-03-27 16:12:27,031:INFO:         statsmodels: 0.14.1
2024-03-27 16:12:27,031:INFO:              sktime: 0.27.1
2024-03-27 16:12:27,031:INFO:               tbats: 1.1.3
2024-03-27 16:12:27,031:INFO:            pmdarima: 2.0.4
2024-03-27 16:12:27,031:INFO:              psutil: 5.9.8
2024-03-27 16:12:27,031:INFO:          markupsafe: 2.1.5
2024-03-27 16:12:27,031:INFO:             pickle5: Not installed
2024-03-27 16:12:27,031:INFO:         cloudpickle: 3.0.0
2024-03-27 16:12:27,031:INFO:         deprecation: 2.1.0
2024-03-27 16:12:27,031:INFO:              xxhash: 3.4.1
2024-03-27 16:12:27,031:INFO:           wurlitzer: 3.0.3
2024-03-27 16:12:27,031:INFO:PyCaret optional dependencies:
2024-03-27 16:12:27,045:INFO:                shap: Not installed
2024-03-27 16:12:27,045:INFO:           interpret: Not installed
2024-03-27 16:12:27,045:INFO:                umap: Not installed
2024-03-27 16:12:27,045:INFO:     ydata_profiling: Not installed
2024-03-27 16:12:27,045:INFO:  explainerdashboard: Not installed
2024-03-27 16:12:27,045:INFO:             autoviz: Not installed
2024-03-27 16:12:27,045:INFO:           fairlearn: Not installed
2024-03-27 16:12:27,045:INFO:          deepchecks: Not installed
2024-03-27 16:12:27,045:INFO:             xgboost: 2.0.3
2024-03-27 16:12:27,045:INFO:            catboost: Not installed
2024-03-27 16:12:27,045:INFO:              kmodes: Not installed
2024-03-27 16:12:27,045:INFO:             mlxtend: Not installed
2024-03-27 16:12:27,045:INFO:       statsforecast: Not installed
2024-03-27 16:12:27,045:INFO:        tune_sklearn: Not installed
2024-03-27 16:12:27,045:INFO:                 ray: Not installed
2024-03-27 16:12:27,045:INFO:            hyperopt: 0.2.7
2024-03-27 16:12:27,045:INFO:              optuna: 3.6.0
2024-03-27 16:12:27,045:INFO:               skopt: 0.10.1
2024-03-27 16:12:27,045:INFO:              mlflow: Not installed
2024-03-27 16:12:27,045:INFO:              gradio: Not installed
2024-03-27 16:12:27,045:INFO:             fastapi: Not installed
2024-03-27 16:12:27,045:INFO:             uvicorn: Not installed
2024-03-27 16:12:27,045:INFO:              m2cgen: Not installed
2024-03-27 16:12:27,045:INFO:           evidently: Not installed
2024-03-27 16:12:27,045:INFO:               fugue: Not installed
2024-03-27 16:12:27,045:INFO:           streamlit: 1.32.2
2024-03-27 16:12:27,045:INFO:             prophet: Not installed
2024-03-27 16:12:27,045:INFO:None
2024-03-27 16:12:27,045:INFO:Set up data.
2024-03-27 16:12:27,050:INFO:Set up folding strategy.
2024-03-27 16:12:27,051:INFO:Set up train/test split.
2024-03-27 16:12:27,052:INFO:Set up index.
2024-03-27 16:12:27,053:INFO:Assigning column types.
2024-03-27 16:12:27,054:INFO:Engine successfully changes for model 'lr' to 'sklearn'.
2024-03-27 16:12:27,054:INFO:Engine for model 'lasso' has not been set explicitly, hence returning None.
2024-03-27 16:12:27,055:INFO:Engine for model 'ridge' has not been set explicitly, hence returning None.
2024-03-27 16:12:27,057:INFO:Engine for model 'en' has not been set explicitly, hence returning None.
2024-03-27 16:12:27,079:INFO:Engine for model 'svm' has not been set explicitly, hence returning None.
2024-03-27 16:12:27,095:INFO:Engine for model 'knn' has not been set explicitly, hence returning None.
2024-03-27 16:12:27,095:INFO:Soft dependency imported: xgboost: 2.0.3
2024-03-27 16:12:27,096:WARNING:
'catboost' is a soft dependency and not included in the pycaret installation. Please run: `pip install catboost` to install.
Alternately, you can install this by running `pip install pycaret[models]`
2024-03-27 16:12:27,096:INFO:Engine for model 'lasso' has not been set explicitly, hence returning None.
2024-03-27 16:12:27,098:INFO:Engine for model 'ridge' has not been set explicitly, hence returning None.
2024-03-27 16:12:27,100:INFO:Engine for model 'en' has not been set explicitly, hence returning None.
2024-03-27 16:12:27,121:INFO:Engine for model 'svm' has not been set explicitly, hence returning None.
2024-03-27 16:12:27,137:INFO:Engine for model 'knn' has not been set explicitly, hence returning None.
2024-03-27 16:12:27,137:INFO:Soft dependency imported: xgboost: 2.0.3
2024-03-27 16:12:27,138:WARNING:
'catboost' is a soft dependency and not included in the pycaret installation. Please run: `pip install catboost` to install.
Alternately, you can install this by running `pip install pycaret[models]`
2024-03-27 16:12:27,138:INFO:Engine successfully changes for model 'lasso' to 'sklearn'.
2024-03-27 16:12:27,140:INFO:Engine for model 'ridge' has not been set explicitly, hence returning None.
2024-03-27 16:12:27,142:INFO:Engine for model 'en' has not been set explicitly, hence returning None.
2024-03-27 16:12:27,163:INFO:Engine for model 'svm' has not been set explicitly, hence returning None.
2024-03-27 16:12:27,179:INFO:Engine for model 'knn' has not been set explicitly, hence returning None.
2024-03-27 16:12:27,179:INFO:Soft dependency imported: xgboost: 2.0.3
2024-03-27 16:12:27,180:WARNING:
'catboost' is a soft dependency and not included in the pycaret installation. Please run: `pip install catboost` to install.
Alternately, you can install this by running `pip install pycaret[models]`
2024-03-27 16:12:27,182:INFO:Engine for model 'ridge' has not been set explicitly, hence returning None.
2024-03-27 16:12:27,184:INFO:Engine for model 'en' has not been set explicitly, hence returning None.
2024-03-27 16:12:27,205:INFO:Engine for model 'svm' has not been set explicitly, hence returning None.
2024-03-27 16:12:27,221:INFO:Engine for model 'knn' has not been set explicitly, hence returning None.
2024-03-27 16:12:27,221:INFO:Soft dependency imported: xgboost: 2.0.3
2024-03-27 16:12:27,222:WARNING:
'catboost' is a soft dependency and not included in the pycaret installation. Please run: `pip install catboost` to install.
Alternately, you can install this by running `pip install pycaret[models]`
2024-03-27 16:12:27,222:INFO:Engine successfully changes for model 'ridge' to 'sklearn'.
2024-03-27 16:12:27,226:INFO:Engine for model 'en' has not been set explicitly, hence returning None.
2024-03-27 16:12:27,247:INFO:Engine for model 'svm' has not been set explicitly, hence returning None.
2024-03-27 16:12:27,263:INFO:Engine for model 'knn' has not been set explicitly, hence returning None.
2024-03-27 16:12:27,264:INFO:Soft dependency imported: xgboost: 2.0.3
2024-03-27 16:12:27,264:WARNING:
'catboost' is a soft dependency and not included in the pycaret installation. Please run: `pip install catboost` to install.
Alternately, you can install this by running `pip install pycaret[models]`
2024-03-27 16:12:27,268:INFO:Engine for model 'en' has not been set explicitly, hence returning None.
2024-03-27 16:12:27,289:INFO:Engine for model 'svm' has not been set explicitly, hence returning None.
2024-03-27 16:12:27,306:INFO:Engine for model 'knn' has not been set explicitly, hence returning None.
2024-03-27 16:12:27,306:INFO:Soft dependency imported: xgboost: 2.0.3
2024-03-27 16:12:27,307:WARNING:
'catboost' is a soft dependency and not included in the pycaret installation. Please run: `pip install catboost` to install.
Alternately, you can install this by running `pip install pycaret[models]`
2024-03-27 16:12:27,307:INFO:Engine successfully changes for model 'en' to 'sklearn'.
2024-03-27 16:12:27,331:INFO:Engine for model 'svm' has not been set explicitly, hence returning None.
2024-03-27 16:12:27,348:INFO:Engine for model 'knn' has not been set explicitly, hence returning None.
2024-03-27 16:12:27,348:INFO:Soft dependency imported: xgboost: 2.0.3
2024-03-27 16:12:27,349:WARNING:
'catboost' is a soft dependency and not included in the pycaret installation. Please run: `pip install catboost` to install.
Alternately, you can install this by running `pip install pycaret[models]`
2024-03-27 16:12:27,373:INFO:Engine for model 'svm' has not been set explicitly, hence returning None.
2024-03-27 16:12:27,390:INFO:Engine for model 'knn' has not been set explicitly, hence returning None.
2024-03-27 16:12:27,390:INFO:Soft dependency imported: xgboost: 2.0.3
2024-03-27 16:12:27,391:WARNING:
'catboost' is a soft dependency and not included in the pycaret installation. Please run: `pip install catboost` to install.
Alternately, you can install this by running `pip install pycaret[models]`
2024-03-27 16:12:27,391:INFO:Engine successfully changes for model 'knn' to 'sklearn'.
2024-03-27 16:12:27,416:INFO:Engine for model 'svm' has not been set explicitly, hence returning None.
2024-03-27 16:12:27,432:INFO:Soft dependency imported: xgboost: 2.0.3
2024-03-27 16:12:27,433:WARNING:
'catboost' is a soft dependency and not included in the pycaret installation. Please run: `pip install catboost` to install.
Alternately, you can install this by running `pip install pycaret[models]`
2024-03-27 16:12:27,458:INFO:Engine for model 'svm' has not been set explicitly, hence returning None.
2024-03-27 16:12:27,474:INFO:Soft dependency imported: xgboost: 2.0.3
2024-03-27 16:12:27,475:WARNING:
'catboost' is a soft dependency and not included in the pycaret installation. Please run: `pip install catboost` to install.
Alternately, you can install this by running `pip install pycaret[models]`
2024-03-27 16:12:27,475:INFO:Engine successfully changes for model 'svm' to 'sklearn'.
2024-03-27 16:12:27,516:INFO:Soft dependency imported: xgboost: 2.0.3
2024-03-27 16:12:27,517:WARNING:
'catboost' is a soft dependency and not included in the pycaret installation. Please run: `pip install catboost` to install.
Alternately, you can install this by running `pip install pycaret[models]`
2024-03-27 16:12:27,558:INFO:Soft dependency imported: xgboost: 2.0.3
2024-03-27 16:12:27,558:WARNING:
'catboost' is a soft dependency and not included in the pycaret installation. Please run: `pip install catboost` to install.
Alternately, you can install this by running `pip install pycaret[models]`
2024-03-27 16:12:27,559:INFO:Preparing preprocessing pipeline...
2024-03-27 16:12:27,559:INFO:Set up simple imputation.
2024-03-27 16:12:27,560:INFO:Set up encoding of categorical features.
2024-03-27 16:12:27,595:INFO:Finished creating preprocessing pipeline.
2024-03-27 16:12:27,597:INFO:Pipeline: Pipeline(memory=FastMemory(location=/var/folders/fs/20409g9545qdjn0qhsrcd8q80000gn/T/joblib),
         steps=[('numerical_imputer',
                 TransformerWrapper(include=['days_until_departure'],
                                    transformer=SimpleImputer())),
                ('categorical_imputer',
                 TransformerWrapper(include=['departure_airport_code',
                                             'destination_airport_code',
                                             'Detected_Country'],
                                    transformer=SimpleImputer(strategy='most_frequent'))),
                ('rest_encoding',
                 TransformerWrapper(include=['departure_airport_code',
                                             'destination_airport_code',
                                             'Detected_Country'],
                                    transformer=TargetEncoder(cols=['departure_airport_code',
                                                                    'destination_airport_code',
                                                                    'Detected_Country'],
                                                              handle_missing='return_nan')))])
2024-03-27 16:12:27,598:INFO:Creating final display dataframe.
2024-03-27 16:12:27,670:INFO:Setup _display_container:                     Description                    Value
0                    Session id                      123
1                        Target  normalized_mean_savings
2                   Target type               Regression
3           Original data shape               (21680, 5)
4        Transformed data shape               (21680, 5)
5   Transformed train set shape               (15175, 5)
6    Transformed test set shape                (6505, 5)
7              Numeric features                        1
8          Categorical features                        3
9                    Preprocess                     True
10              Imputation type                   simple
11           Numeric imputation                     mean
12       Categorical imputation                     mode
13     Maximum one-hot encoding                       25
14              Encoding method                     None
15               Fold Generator                    KFold
16                  Fold Number                       20
17                     CPU Jobs                       -1
18                      Use GPU                    False
19               Log Experiment                    False
20              Experiment Name         reg-default-name
21                          USI                     6ace
2024-03-27 16:12:27,711:INFO:Soft dependency imported: xgboost: 2.0.3
2024-03-27 16:12:27,712:WARNING:
'catboost' is a soft dependency and not included in the pycaret installation. Please run: `pip install catboost` to install.
Alternately, you can install this by running `pip install pycaret[models]`
2024-03-27 16:12:27,753:INFO:Soft dependency imported: xgboost: 2.0.3
2024-03-27 16:12:27,754:WARNING:
'catboost' is a soft dependency and not included in the pycaret installation. Please run: `pip install catboost` to install.
Alternately, you can install this by running `pip install pycaret[models]`
2024-03-27 16:12:27,755:WARNING:/Users/aghauss/Library/Caches/pypoetry/virtualenvs/playwright-trial-i2UQKaLD-py3.11/lib/python3.11/site-packages/pycaret/internal/metrics.py:51: FutureWarning: The `needs_threshold` and `needs_proba` parameter are deprecated in version 1.4 and will be removed in 1.6. You can either let `response_method` be `None` or set it to `predict` to preserve the same behaviour.
  warnings.warn(

2024-03-27 16:12:27,755:INFO:setup() successfully completed in 0.75s...............
2024-03-27 16:12:27,755:INFO:Initializing create_model()
2024-03-27 16:12:27,755:INFO:create_model(self=<pycaret.regression.oop.RegressionExperiment object at 0x16d1e38d0>, estimator=et, fold=None, round=4, cross_validation=True, predict=True, fit_kwargs=None, groups=None, refit=True, probability_threshold=None, experiment_custom_tags=None, verbose=True, system=True, add_to_model_list=True, metrics=None, display=None, model_only=True, return_train_score=False, error_score=0.0, kwargs={'n_estimators': 100, 'max_depth': 20, 'min_samples_split': 2, 'min_samples_leaf': 1, 'max_features': 0.1, 'bootstrap': True, 'max_leaf_nodes': None})
2024-03-27 16:12:27,755:INFO:Checking exceptions
2024-03-27 16:12:27,762:INFO:Importing libraries
2024-03-27 16:12:27,762:INFO:Copying training dataset
2024-03-27 16:12:27,765:INFO:Defining folds
2024-03-27 16:12:27,765:INFO:Declaring metric variables
2024-03-27 16:12:27,765:INFO:Importing untrained model
2024-03-27 16:12:27,765:INFO:Extra Trees Regressor Imported successfully
2024-03-27 16:12:27,766:INFO:Starting cross validation
2024-03-27 16:12:27,768:INFO:Cross validating with KFold(n_splits=20, random_state=None, shuffle=False), n_jobs=-1
2024-03-27 16:12:30,431:INFO:Calculating mean and std
2024-03-27 16:12:30,431:INFO:Creating metrics dataframe
2024-03-27 16:12:30,437:INFO:Finalizing model
2024-03-27 16:12:30,564:INFO:Uploading results into container
2024-03-27 16:12:30,564:INFO:Uploading model into container now
2024-03-27 16:12:30,568:INFO:_master_model_container: 1
2024-03-27 16:12:30,568:INFO:_display_container: 2
2024-03-27 16:12:30,568:INFO:ExtraTreesRegressor(bootstrap=True, max_depth=20, max_features=0.1, n_jobs=-1,
                    random_state=123)
2024-03-27 16:12:30,568:INFO:create_model() successfully completed......................................
2024-03-27 16:12:30,651:INFO:Initializing save_model()
2024-03-27 16:12:30,651:INFO:save_model(model=ExtraTreesRegressor(bootstrap=True, max_depth=20, max_features=0.1, n_jobs=-1,
                    random_state=123), model_name=/Users/aghauss/Desktop/Pricing Flight Project/Skysaver/src/../models/trained_model, prep_pipe_=Pipeline(memory=FastMemory(location=/var/folders/fs/20409g9545qdjn0qhsrcd8q80000gn/T/joblib),
         steps=[('numerical_imputer',
                 TransformerWrapper(include=['days_until_departure'],
                                    transformer=SimpleImputer())),
                ('categorical_imputer',
                 TransformerWrapper(include=['departure_airport_code',
                                             'destination_airport_code',
                                             'Detected_Country'],
                                    transformer=SimpleImputer(strategy='most_frequent'))),
                ('rest_encoding',
                 TransformerWrapper(include=['departure_airport_code',
                                             'destination_airport_code',
                                             'Detected_Country'],
                                    transformer=TargetEncoder(cols=['departure_airport_code',
                                                                    'destination_airport_code',
                                                                    'Detected_Country'],
                                                              handle_missing='return_nan')))]), verbose=True, use_case=MLUsecase.REGRESSION, kwargs={})
2024-03-27 16:12:30,651:INFO:Adding model into prep_pipe
2024-03-27 16:12:30,668:INFO:/Users/aghauss/Desktop/Pricing Flight Project/Skysaver/src/../models/trained_model.pkl saved in current working directory
2024-03-27 16:12:30,670:INFO:Pipeline(memory=Memory(location=None),
         steps=[('numerical_imputer',
                 TransformerWrapper(include=['days_until_departure'],
                                    transformer=SimpleImputer())),
                ('categorical_imputer',
                 TransformerWrapper(include=['departure_airport_code',
                                             'destination_airport_code',
                                             'Detected_Country'],
                                    transformer=SimpleImputer(strategy='most_frequent'))),
                ('rest_encoding',
                 TransformerWrapper(include=['departure_airport_code',
                                             'destination_airport_code',
                                             'Detected_Country'],
                                    transformer=TargetEncoder(cols=['departure_airport_code',
                                                                    'destination_airport_code',
                                                                    'Detected_Country'],
                                                              handle_missing='return_nan'))),
                ('trained_model',
                 ExtraTreesRegressor(bootstrap=True, max_depth=20,
                                     max_features=0.1, n_jobs=-1,
                                     random_state=123))])
2024-03-27 16:12:30,670:INFO:save_model() successfully completed......................................
